2026-07-16 01:43:06.904 [HikariPool-1 housekeeper] WARN  com.zaxxer.hikari.pool.HikariPool - HikariPool-1 - Thread starvation or clock leap detected (housekeeper delta=7h44s377ms291µs100ns).
2026-07-16 08:48:06.611 [HikariPool-1 housekeeper] WARN  com.zaxxer.hikari.pool.HikariPool - HikariPool-1 - Thread starvation or clock leap detected (housekeeper delta=7h5m7s894ms782µs200ns).
2026-07-16 08:49:08.166 [AsyncResolver-bootstrap-executor-%d] INFO  c.n.d.s.r.aws.ConfigClusterResolver - Resolving eureka endpoints via configuration
2026-07-16 08:51:53.424 [http-nio-8083-exec-6] INFO  c.c.exam.aspect.LoggingAspect - ENTER ExamWindowController.list() args=[null, 0, 1]
2026-07-16 08:51:53.424 [http-nio-8083-exec-6] INFO  c.c.exam.aspect.LoggingAspect - ENTER ExamWindowServiceImpl.list() args=[null, 0, 1]
2026-07-16 08:51:53.543 [http-nio-8083-exec-6] INFO  c.c.exam.aspect.LoggingAspect - EXIT  ExamWindowServiceImpl.list() (119 ms)
2026-07-16 08:51:53.543 [http-nio-8083-exec-6] INFO  c.c.exam.aspect.LoggingAspect - EXIT  ExamWindowController.list() (119 ms)
2026-07-16 08:51:53.652 [http-nio-8083-exec-9] INFO  c.c.exam.aspect.LoggingAspect - ENTER ExamWindowController.list() args=[null, 0, 1]
2026-07-16 08:51:53.656 [http-nio-8083-exec-9] INFO  c.c.exam.aspect.LoggingAspect - ENTER ExamWindowServiceImpl.list() args=[null, 0, 1]
2026-07-16 08:51:53.699 [http-nio-8083-exec-9] INFO  c.c.exam.aspect.LoggingAspect - EXIT  ExamWindowServiceImpl.list() (45 ms)
2026-07-16 08:51:53.717 [http-nio-8083-exec-9] INFO  c.c.exam.aspect.LoggingAspect - EXIT  ExamWindowController.list() (48 ms)
2026-07-16 08:54:08.177 [AsyncResolver-bootstrap-executor-%d] INFO  c.n.d.s.r.aws.ConfigClusterResolver - Resolving eureka endpoints via configuration
2026-07-16 08:56:29.134 [http-nio-8083-exec-1] INFO  c.c.exam.aspect.LoggingAspect - ENTER ExamWindowController.list() args=[null, 0, 1]
2026-07-16 08:56:29.134 [http-nio-8083-exec-1] INFO  c.c.exam.aspect.LoggingAspect - ENTER ExamWindowServiceImpl.list() args=[null, 0, 1]
2026-07-16 08:56:29.159 [http-nio-8083-exec-1] INFO  c.c.exam.aspect.LoggingAspect - EXIT  ExamWindowServiceImpl.list() (25 ms)
2026-07-16 08:56:29.159 [http-nio-8083-exec-1] INFO  c.c.exam.aspect.LoggingAspect - EXIT  ExamWindowController.list() (25 ms)
2026-07-16 08:56:29.264 [http-nio-8083-exec-2] INFO  c.c.exam.aspect.LoggingAspect - ENTER ExamWindowController.list() args=[null, 0, 1]
2026-07-16 08:56:29.266 [http-nio-8083-exec-2] INFO  c.c.exam.aspect.LoggingAspect - ENTER ExamWindowServiceImpl.list() args=[null, 0, 1]
2026-07-16 08:56:29.290 [http-nio-8083-exec-2] INFO  c.c.exam.aspect.LoggingAspect - EXIT  ExamWindowServiceImpl.list() (24 ms)
2026-07-16 08:56:29.290 [http-nio-8083-exec-2] INFO  c.c.exam.aspect.LoggingAspect - EXIT  ExamWindowController.list() (26 ms)
2026-07-16 08:57:23.767 [http-nio-8083-exec-3] INFO  c.c.exam.aspect.LoggingAspect - ENTER ExamWindowController.list() args=[null, 0, 1]
2026-07-16 08:57:23.767 [http-nio-8083-exec-3] INFO  c.c.exam.aspect.LoggingAspect - ENTER ExamWindowServiceImpl.list() args=[null, 0, 1]
2026-07-16 08:57:23.793 [http-nio-8083-exec-3] INFO  c.c.exam.aspect.LoggingAspect - EXIT  ExamWindowServiceImpl.list() (26 ms)
2026-07-16 08:57:23.793 [http-nio-8083-exec-3] INFO  c.c.exam.aspect.LoggingAspect - EXIT  ExamWindowController.list() (26 ms)
2026-07-16 08:57:23.850 [http-nio-8083-exec-4] INFO  c.c.exam.aspect.LoggingAspect - ENTER ExamWindowController.list() args=[null, 0, 1]
2026-07-16 08:57:23.850 [http-nio-8083-exec-4] INFO  c.c.exam.aspect.LoggingAspect - ENTER ExamWindowServiceImpl.list() args=[null, 0, 1]
2026-07-16 08:57:23.877 [http-nio-8083-exec-4] INFO  c.c.exam.aspect.LoggingAspect - EXIT  ExamWindowServiceImpl.list() (25 ms)
2026-07-16 08:57:23.877 [http-nio-8083-exec-4] INFO  c.c.exam.aspect.LoggingAspect - EXIT  ExamWindowController.list() (27 ms)
2026-07-16 08:59:08.182 [AsyncResolver-bootstrap-executor-%d] INFO  c.n.d.s.r.aws.ConfigClusterResolver - Resolving eureka endpoints via configuration
2026-07-16 09:02:54.176 [http-nio-8083-exec-7] INFO  c.c.exam.aspect.LoggingAspect - ENTER ExamWindowController.list() args=[null, 0, 10]
2026-07-16 09:02:54.178 [http-nio-8083-exec-7] INFO  c.c.exam.aspect.LoggingAspect - ENTER ExamWindowServiceImpl.list() args=[null, 0, 10]
2026-07-16 09:02:54.200 [http-nio-8083-exec-7] INFO  c.c.exam.aspect.LoggingAspect - EXIT  ExamWindowServiceImpl.list() (22 ms)
2026-07-16 09:02:54.200 [http-nio-8083-exec-7] INFO  c.c.exam.aspect.LoggingAspect - EXIT  ExamWindowController.list() (24 ms)
2026-07-16 09:02:54.250 [http-nio-8083-exec-8] INFO  c.c.exam.aspect.LoggingAspect - ENTER ExamWindowController.list() args=[null, 0, 10]
2026-07-16 09:02:54.250 [http-nio-8083-exec-8] INFO  c.c.exam.aspect.LoggingAspect - ENTER ExamWindowServiceImpl.list() args=[null, 0, 10]
2026-07-16 09:02:54.270 [http-nio-8083-exec-8] INFO  c.c.exam.aspect.LoggingAspect - EXIT  ExamWindowServiceImpl.list() (20 ms)
2026-07-16 09:02:54.270 [http-nio-8083-exec-8] INFO  c.c.exam.aspect.LoggingAspect - EXIT  ExamWindowController.list() (20 ms)
2026-07-16 09:03:04.407 [http-nio-8083-exec-6] INFO  c.c.exam.aspect.LoggingAspect - ENTER TestCentreController.list() args=[0, 10]
2026-07-16 09:03:04.420 [http-nio-8083-exec-6] INFO  c.c.exam.aspect.LoggingAspect - ENTER TestCentreServiceImpl.list() args=[0, 10]
2026-07-16 09:03:04.515 [http-nio-8083-exec-6] INFO  c.c.exam.aspect.LoggingAspect - EXIT  TestCentreServiceImpl.list() (95 ms)
2026-07-16 09:03:04.515 [http-nio-8083-exec-6] INFO  c.c.exam.aspect.LoggingAspect - EXIT  TestCentreController.list() (108 ms)
2026-07-16 09:03:04.563 [http-nio-8083-exec-9] INFO  c.c.exam.aspect.LoggingAspect - ENTER TestCentreController.list() args=[0, 10]
2026-07-16 09:03:04.571 [http-nio-8083-exec-9] INFO  c.c.exam.aspect.LoggingAspect - ENTER TestCentreServiceImpl.list() args=[0, 10]
2026-07-16 09:03:04.588 [http-nio-8083-exec-9] INFO  c.c.exam.aspect.LoggingAspect - EXIT  TestCentreServiceImpl.list() (17 ms)
2026-07-16 09:03:04.588 [http-nio-8083-exec-9] INFO  c.c.exam.aspect.LoggingAspect - EXIT  TestCentreController.list() (25 ms)
2026-07-16 09:03:06.531 [http-nio-8083-exec-10] INFO  c.c.exam.aspect.LoggingAspect - ENTER ExamWindowController.list() args=[null, 0, 10]
2026-07-16 09:03:06.531 [http-nio-8083-exec-10] INFO  c.c.exam.aspect.LoggingAspect - ENTER ExamWindowServiceImpl.list() args=[null, 0, 10]
2026-07-16 09:03:06.555 [http-nio-8083-exec-10] INFO  c.c.exam.aspect.LoggingAspect - EXIT  ExamWindowServiceImpl.list() (24 ms)
2026-07-16 09:03:06.555 [http-nio-8083-exec-10] INFO  c.c.exam.aspect.LoggingAspect - EXIT  ExamWindowController.list() (24 ms)
2026-07-16 09:03:06.596 [http-nio-8083-exec-1] INFO  c.c.exam.aspect.LoggingAspect - ENTER ExamWindowController.list() args=[null, 0, 10]
2026-07-16 09:03:06.596 [http-nio-8083-exec-1] INFO  c.c.exam.aspect.LoggingAspect - ENTER ExamWindowServiceImpl.list() args=[null, 0, 10]
2026-07-16 09:03:06.626 [http-nio-8083-exec-1] INFO  c.c.exam.aspect.LoggingAspect - EXIT  ExamWindowServiceImpl.list() (30 ms)
2026-07-16 09:03:06.626 [http-nio-8083-exec-1] INFO  c.c.exam.aspect.LoggingAspect - EXIT  ExamWindowController.list() (30 ms)
2026-07-16 09:03:09.185 [http-nio-8083-exec-2] INFO  c.c.exam.aspect.LoggingAspect - ENTER TestCentreController.list() args=[0, 10]
2026-07-16 09:03:09.185 [http-nio-8083-exec-2] INFO  c.c.exam.aspect.LoggingAspect - ENTER TestCentreServiceImpl.list() args=[0, 10]
2026-07-16 09:03:09.202 [http-nio-8083-exec-2] INFO  c.c.exam.aspect.LoggingAspect - EXIT  TestCentreServiceImpl.list() (17 ms)
2026-07-16 09:03:09.202 [http-nio-8083-exec-2] INFO  c.c.exam.aspect.LoggingAspect - EXIT  TestCentreController.list() (17 ms)
2026-07-16 09:03:09.243 [http-nio-8083-exec-3] INFO  c.c.exam.aspect.LoggingAspect - ENTER TestCentreController.list() args=[0, 10]
2026-07-16 09:03:09.243 [http-nio-8083-exec-3] INFO  c.c.exam.aspect.LoggingAspect - ENTER TestCentreServiceImpl.list() args=[0, 10]
2026-07-16 09:03:09.261 [http-nio-8083-exec-3] INFO  c.c.exam.aspect.LoggingAspect - EXIT  TestCentreServiceImpl.list() (18 ms)
2026-07-16 09:03:09.261 [http-nio-8083-exec-3] INFO  c.c.exam.aspect.LoggingAspect - EXIT  TestCentreController.list() (18 ms)
2026-07-16 09:04:08.186 [AsyncResolver-bootstrap-executor-%d] INFO  c.n.d.s.r.aws.ConfigClusterResolver - Resolving eureka endpoints via configuration
2026-07-16 09:15:48.094 [HikariPool-1 housekeeper] WARN  com.zaxxer.hikari.pool.HikariPool - HikariPool-1 - Thread starvation or clock leap detected (housekeeper delta=9m41s88ms940µs500ns).
2026-07-16 09:18:19.302 [AsyncResolver-bootstrap-executor-%d] INFO  c.n.d.s.r.aws.ConfigClusterResolver - Resolving eureka endpoints via configuration
2026-07-16 09:22:29.198 [http-nio-8083-exec-5] INFO  c.c.exam.aspect.LoggingAspect - ENTER ExamWindowController.list() args=[null, 0, 1]
2026-07-16 09:22:29.198 [http-nio-8083-exec-5] INFO  c.c.exam.aspect.LoggingAspect - ENTER ExamWindowServiceImpl.list() args=[null, 0, 1]
2026-07-16 09:22:29.232 [http-nio-8083-exec-5] INFO  c.c.exam.aspect.LoggingAspect - EXIT  ExamWindowServiceImpl.list() (34 ms)
2026-07-16 09:22:29.233 [http-nio-8083-exec-5] INFO  c.c.exam.aspect.LoggingAspect - EXIT  ExamWindowController.list() (35 ms)
2026-07-16 09:22:29.275 [http-nio-8083-exec-7] INFO  c.c.exam.aspect.LoggingAspect - ENTER ExamWindowController.list() args=[null, 0, 1]
2026-07-16 09:22:29.276 [http-nio-8083-exec-7] INFO  c.c.exam.aspect.LoggingAspect - ENTER ExamWindowServiceImpl.list() args=[null, 0, 1]
2026-07-16 09:22:29.291 [http-nio-8083-exec-7] INFO  c.c.exam.aspect.LoggingAspect - EXIT  ExamWindowServiceImpl.list() (15 ms)
2026-07-16 09:22:29.291 [http-nio-8083-exec-7] INFO  c.c.exam.aspect.LoggingAspect - EXIT  ExamWindowController.list() (16 ms)
2026-07-16 09:23:19.311 [AsyncResolver-bootstrap-executor-%d] INFO  c.n.d.s.r.aws.ConfigClusterResolver - Resolving eureka endpoints via configuration
2026-07-16 09:23:59.312 [http-nio-8083-exec-6] INFO  c.c.exam.aspect.LoggingAspect - ENTER ExamWindowController.list() args=[null, 0, 100]
2026-07-16 09:23:59.312 [http-nio-8083-exec-6] INFO  c.c.exam.aspect.LoggingAspect - ENTER ExamWindowServiceImpl.list() args=[null, 0, 100]
2026-07-16 09:23:59.326 [http-nio-8083-exec-6] INFO  c.c.exam.aspect.LoggingAspect - EXIT  ExamWindowServiceImpl.list() (14 ms)
2026-07-16 09:23:59.327 [http-nio-8083-exec-6] INFO  c.c.exam.aspect.LoggingAspect - EXIT  ExamWindowController.list() (15 ms)
2026-07-16 09:23:59.354 [http-nio-8083-exec-9] INFO  c.c.exam.aspect.LoggingAspect - ENTER ExamWindowController.list() args=[null, 0, 100]
2026-07-16 09:23:59.355 [http-nio-8083-exec-9] INFO  c.c.exam.aspect.LoggingAspect - ENTER ExamWindowServiceImpl.list() args=[null, 0, 100]
2026-07-16 09:23:59.370 [http-nio-8083-exec-9] INFO  c.c.exam.aspect.LoggingAspect - EXIT  ExamWindowServiceImpl.list() (15 ms)
2026-07-16 09:23:59.371 [http-nio-8083-exec-9] INFO  c.c.exam.aspect.LoggingAspect - EXIT  ExamWindowController.list() (17 ms)
2026-07-16 09:24:12.525 [http-nio-8083-exec-10] INFO  c.c.exam.aspect.LoggingAspect - ENTER ExamWindowController.list() args=[null, 0, 100]
2026-07-16 09:24:12.526 [http-nio-8083-exec-10] INFO  c.c.exam.aspect.LoggingAspect - ENTER ExamWindowServiceImpl.list() args=[null, 0, 100]
2026-07-16 09:24:12.553 [http-nio-8083-exec-10] INFO  c.c.exam.aspect.LoggingAspect - EXIT  ExamWindowServiceImpl.list() (27 ms)
2026-07-16 09:24:12.554 [http-nio-8083-exec-10] INFO  c.c.exam.aspect.LoggingAspect - EXIT  ExamWindowController.list() (29 ms)
2026-07-16 09:24:12.589 [http-nio-8083-exec-1] INFO  c.c.exam.aspect.LoggingAspect - ENTER ExamWindowController.list() args=[null, 0, 100]
2026-07-16 09:24:12.589 [http-nio-8083-exec-1] INFO  c.c.exam.aspect.LoggingAspect - ENTER ExamWindowServiceImpl.list() args=[null, 0, 100]
2026-07-16 09:24:12.608 [http-nio-8083-exec-1] INFO  c.c.exam.aspect.LoggingAspect - EXIT  ExamWindowServiceImpl.list() (18 ms)
2026-07-16 09:24:12.608 [http-nio-8083-exec-1] INFO  c.c.exam.aspect.LoggingAspect - EXIT  ExamWindowController.list() (21 ms)
2026-07-16 09:24:30.673 [http-nio-8083-exec-2] INFO  c.c.exam.aspect.LoggingAspect - ENTER ExamWindowController.list() args=[null, 0, 100]
2026-07-16 09:24:30.674 [http-nio-8083-exec-2] INFO  c.c.exam.aspect.LoggingAspect - ENTER ExamWindowServiceImpl.list() args=[null, 0, 100]
2026-07-16 09:24:30.696 [http-nio-8083-exec-2] INFO  c.c.exam.aspect.LoggingAspect - EXIT  ExamWindowServiceImpl.list() (22 ms)
2026-07-16 09:24:30.696 [http-nio-8083-exec-2] INFO  c.c.exam.aspect.LoggingAspect - EXIT  ExamWindowController.list() (23 ms)
2026-07-16 09:24:30.726 [http-nio-8083-exec-3] INFO  c.c.exam.aspect.LoggingAspect - ENTER ExamWindowController.list() args=[null, 0, 100]
2026-07-16 09:24:30.726 [http-nio-8083-exec-3] INFO  c.c.exam.aspect.LoggingAspect - ENTER ExamWindowServiceImpl.list() args=[null, 0, 100]
2026-07-16 09:24:30.740 [http-nio-8083-exec-3] INFO  c.c.exam.aspect.LoggingAspect - EXIT  ExamWindowServiceImpl.list() (14 ms)
2026-07-16 09:24:30.742 [http-nio-8083-exec-3] INFO  c.c.exam.aspect.LoggingAspect - EXIT  ExamWindowController.list() (16 ms)
2026-07-16 09:24:53.381 [http-nio-8083-exec-4] INFO  c.c.exam.aspect.LoggingAspect - ENTER ExamWindowController.list() args=[null, 0, 100]
2026-07-16 09:24:53.382 [http-nio-8083-exec-4] INFO  c.c.exam.aspect.LoggingAspect - ENTER ExamWindowServiceImpl.list() args=[null, 0, 100]
2026-07-16 09:24:53.403 [http-nio-8083-exec-4] INFO  c.c.exam.aspect.LoggingAspect - EXIT  ExamWindowServiceImpl.list() (21 ms)
2026-07-16 09:24:53.404 [http-nio-8083-exec-4] INFO  c.c.exam.aspect.LoggingAspect - EXIT  ExamWindowController.list() (23 ms)
2026-07-16 09:24:53.440 [http-nio-8083-exec-5] INFO  c.c.exam.aspect.LoggingAspect - ENTER ExamWindowController.list() args=[null, 0, 100]
2026-07-16 09:24:53.441 [http-nio-8083-exec-5] INFO  c.c.exam.aspect.LoggingAspect - ENTER ExamWindowServiceImpl.list() args=[null, 0, 100]
2026-07-16 09:24:53.465 [http-nio-8083-exec-5] INFO  c.c.exam.aspect.LoggingAspect - EXIT  ExamWindowServiceImpl.list() (24 ms)
2026-07-16 09:24:53.465 [http-nio-8083-exec-5] INFO  c.c.exam.aspect.LoggingAspect - EXIT  ExamWindowController.list() (25 ms)
2026-07-16 09:24:53.851 [http-nio-8083-exec-7] INFO  c.c.exam.aspect.LoggingAspect - ENTER ExamWindowController.list() args=[null, 0, 100]
2026-07-16 09:24:53.852 [http-nio-8083-exec-7] INFO  c.c.exam.aspect.LoggingAspect - ENTER ExamWindowServiceImpl.list() args=[null, 0, 100]
2026-07-16 09:24:53.868 [http-nio-8083-exec-7] INFO  c.c.exam.aspect.LoggingAspect - EXIT  ExamWindowServiceImpl.list() (16 ms)
2026-07-16 09:24:53.869 [http-nio-8083-exec-7] INFO  c.c.exam.aspect.LoggingAspect - EXIT  ExamWindowController.list() (17 ms)
2026-07-16 09:24:53.890 [http-nio-8083-exec-8] INFO  c.c.exam.aspect.LoggingAspect - ENTER ExamWindowController.list() args=[null, 0, 100]
2026-07-16 09:24:53.891 [http-nio-8083-exec-8] INFO  c.c.exam.aspect.LoggingAspect - ENTER ExamWindowServiceImpl.list() args=[null, 0, 100]
2026-07-16 09:24:53.903 [http-nio-8083-exec-8] INFO  c.c.exam.aspect.LoggingAspect - EXIT  ExamWindowServiceImpl.list() (12 ms)
2026-07-16 09:24:53.903 [http-nio-8083-exec-8] INFO  c.c.exam.aspect.LoggingAspect - EXIT  ExamWindowController.list() (13 ms)
2026-07-16 09:24:55.617 [http-nio-8083-exec-6] INFO  c.c.exam.aspect.LoggingAspect - ENTER ExamWindowController.list() args=[null, 0, 100]
2026-07-16 09:24:55.619 [http-nio-8083-exec-6] INFO  c.c.exam.aspect.LoggingAspect - ENTER ExamWindowServiceImpl.list() args=[null, 0, 100]
2026-07-16 09:24:55.637 [http-nio-8083-exec-6] INFO  c.c.exam.aspect.LoggingAspect - EXIT  ExamWindowServiceImpl.list() (18 ms)
2026-07-16 09:24:55.671 [http-nio-8083-exec-6] INFO  c.c.exam.aspect.LoggingAspect - EXIT  ExamWindowController.list() (54 ms)
2026-07-16 09:24:55.699 [http-nio-8083-exec-9] INFO  c.c.exam.aspect.LoggingAspect - ENTER ExamWindowController.list() args=[null, 0, 100]
2026-07-16 09:24:55.699 [http-nio-8083-exec-9] INFO  c.c.exam.aspect.LoggingAspect - ENTER ExamWindowServiceImpl.list() args=[null, 0, 100]
2026-07-16 09:24:55.712 [http-nio-8083-exec-9] INFO  c.c.exam.aspect.LoggingAspect - EXIT  ExamWindowServiceImpl.list() (13 ms)
2026-07-16 09:24:55.714 [http-nio-8083-exec-9] INFO  c.c.exam.aspect.LoggingAspect - EXIT  ExamWindowController.list() (15 ms)
2026-07-16 09:28:19.318 [AsyncResolver-bootstrap-executor-%d] INFO  c.n.d.s.r.aws.ConfigClusterResolver - Resolving eureka endpoints via configuration
2026-07-16 09:33:07.279 [http-nio-8083-exec-1] INFO  c.c.exam.aspect.LoggingAspect - ENTER ExamWindowController.list() args=[null, 0, 100]
2026-07-16 09:33:07.280 [http-nio-8083-exec-1] INFO  c.c.exam.aspect.LoggingAspect - ENTER ExamWindowServiceImpl.list() args=[null, 0, 100]
2026-07-16 09:33:07.297 [http-nio-8083-exec-1] INFO  c.c.exam.aspect.LoggingAspect - EXIT  ExamWindowServiceImpl.list() (17 ms)
2026-07-16 09:33:07.297 [http-nio-8083-exec-1] INFO  c.c.exam.aspect.LoggingAspect - EXIT  ExamWindowController.list() (18 ms)
2026-07-16 09:33:07.311 [http-nio-8083-exec-2] INFO  c.c.exam.aspect.LoggingAspect - ENTER ExamWindowController.list() args=[null, 0, 100]
2026-07-16 09:33:07.311 [http-nio-8083-exec-2] INFO  c.c.exam.aspect.LoggingAspect - ENTER ExamWindowServiceImpl.list() args=[null, 0, 100]
2026-07-16 09:33:07.318 [http-nio-8083-exec-2] INFO  c.c.exam.aspect.LoggingAspect - EXIT  ExamWindowServiceImpl.list() (7 ms)
2026-07-16 09:33:07.318 [http-nio-8083-exec-2] INFO  c.c.exam.aspect.LoggingAspect - EXIT  ExamWindowController.list() (8 ms)
2026-07-16 09:33:10.892 [http-nio-8083-exec-3] INFO  c.c.exam.aspect.LoggingAspect - ENTER ExamWindowController.list() args=[null, 0, 100]
2026-07-16 09:33:10.892 [http-nio-8083-exec-3] INFO  c.c.exam.aspect.LoggingAspect - ENTER ExamWindowServiceImpl.list() args=[null, 0, 100]
2026-07-16 09:33:10.900 [http-nio-8083-exec-3] INFO  c.c.exam.aspect.LoggingAspect - EXIT  ExamWindowServiceImpl.list() (8 ms)
2026-07-16 09:33:10.900 [http-nio-8083-exec-3] INFO  c.c.exam.aspect.LoggingAspect - EXIT  ExamWindowController.list() (8 ms)
2026-07-16 09:33:10.917 [http-nio-8083-exec-4] INFO  c.c.exam.aspect.LoggingAspect - ENTER ExamWindowController.list() args=[null, 0, 100]
2026-07-16 09:33:10.917 [http-nio-8083-exec-4] INFO  c.c.exam.aspect.LoggingAspect - ENTER ExamWindowServiceImpl.list() args=[null, 0, 100]
2026-07-16 09:33:10.922 [http-nio-8083-exec-4] INFO  c.c.exam.aspect.LoggingAspect - EXIT  ExamWindowServiceImpl.list() (5 ms)
2026-07-16 09:33:10.923 [http-nio-8083-exec-4] INFO  c.c.exam.aspect.LoggingAspect - EXIT  ExamWindowController.list() (6 ms)
2026-07-16 09:33:19.328 [AsyncResolver-bootstrap-executor-%d] INFO  c.n.d.s.r.aws.ConfigClusterResolver - Resolving eureka endpoints via configuration
2026-07-16 09:35:16.045 [http-nio-8083-exec-7] INFO  c.c.exam.aspect.LoggingAspect - ENTER ExamWindowController.list() args=[null, 0, 100]
2026-07-16 09:35:16.045 [http-nio-8083-exec-7] INFO  c.c.exam.aspect.LoggingAspect - ENTER ExamWindowServiceImpl.list() args=[null, 0, 100]
2026-07-16 09:35:16.052 [http-nio-8083-exec-7] INFO  c.c.exam.aspect.LoggingAspect - EXIT  ExamWindowServiceImpl.list() (7 ms)
2026-07-16 09:35:16.052 [http-nio-8083-exec-7] INFO  c.c.exam.aspect.LoggingAspect - EXIT  ExamWindowController.list() (7 ms)
2026-07-16 09:35:16.061 [http-nio-8083-exec-8] INFO  c.c.exam.aspect.LoggingAspect - ENTER ExamWindowController.list() args=[null, 0, 100]
2026-07-16 09:35:16.062 [http-nio-8083-exec-8] INFO  c.c.exam.aspect.LoggingAspect - ENTER ExamWindowServiceImpl.list() args=[null, 0, 100]
2026-07-16 09:35:16.067 [http-nio-8083-exec-8] INFO  c.c.exam.aspect.LoggingAspect - EXIT  ExamWindowServiceImpl.list() (5 ms)
2026-07-16 09:35:16.068 [http-nio-8083-exec-8] INFO  c.c.exam.aspect.LoggingAspect - EXIT  ExamWindowController.list() (7 ms)
2026-07-16 09:38:19.344 [AsyncResolver-bootstrap-executor-%d] INFO  c.n.d.s.r.aws.ConfigClusterResolver - Resolving eureka endpoints via configuration
2026-07-16 09:43:19.361 [AsyncResolver-bootstrap-executor-%d] INFO  c.n.d.s.r.aws.ConfigClusterResolver - Resolving eureka endpoints via configuration
2026-07-16 09:46:45.021 [http-nio-8083-exec-9] INFO  c.c.exam.aspect.LoggingAspect - ENTER ExamWindowController.list() args=[null, 0, 1]
2026-07-16 09:46:45.021 [http-nio-8083-exec-9] INFO  c.c.exam.aspect.LoggingAspect - ENTER ExamWindowServiceImpl.list() args=[null, 0, 1]
2026-07-16 09:46:45.032 [http-nio-8083-exec-9] INFO  c.c.exam.aspect.LoggingAspect - EXIT  ExamWindowServiceImpl.list() (11 ms)
2026-07-16 09:46:45.032 [http-nio-8083-exec-9] INFO  c.c.exam.aspect.LoggingAspect - EXIT  ExamWindowController.list() (14 ms)
2026-07-16 09:46:45.043 [http-nio-8083-exec-10] INFO  c.c.exam.aspect.LoggingAspect - ENTER ExamWindowController.list() args=[null, 0, 1]
2026-07-16 09:46:45.043 [http-nio-8083-exec-10] INFO  c.c.exam.aspect.LoggingAspect - ENTER ExamWindowServiceImpl.list() args=[null, 0, 1]
2026-07-16 09:46:45.052 [http-nio-8083-exec-10] INFO  c.c.exam.aspect.LoggingAspect - EXIT  ExamWindowServiceImpl.list() (9 ms)
2026-07-16 09:46:45.052 [http-nio-8083-exec-10] INFO  c.c.exam.aspect.LoggingAspect - EXIT  ExamWindowController.list() (9 ms)
2026-07-16 09:48:19.381 [AsyncResolver-bootstrap-executor-%d] INFO  c.n.d.s.r.aws.ConfigClusterResolver - Resolving eureka endpoints via configuration
2026-07-16 09:53:19.390 [AsyncResolver-bootstrap-executor-%d] INFO  c.n.d.s.r.aws.ConfigClusterResolver - Resolving eureka endpoints via configuration
2026-07-16 09:53:53.725 [http-nio-8083-exec-2] INFO  c.c.exam.aspect.LoggingAspect - ENTER ExamWindowController.list() args=[null, 0, 10]
2026-07-16 09:53:53.725 [http-nio-8083-exec-2] INFO  c.c.exam.aspect.LoggingAspect - ENTER ExamWindowServiceImpl.list() args=[null, 0, 10]
2026-07-16 09:53:53.734 [http-nio-8083-exec-2] INFO  c.c.exam.aspect.LoggingAspect - EXIT  ExamWindowServiceImpl.list() (9 ms)
2026-07-16 09:53:53.734 [http-nio-8083-exec-2] INFO  c.c.exam.aspect.LoggingAspect - EXIT  ExamWindowController.list() (9 ms)
2026-07-16 09:53:53.747 [http-nio-8083-exec-3] INFO  c.c.exam.aspect.LoggingAspect - ENTER ExamWindowController.list() args=[null, 0, 10]
2026-07-16 09:53:53.747 [http-nio-8083-exec-3] INFO  c.c.exam.aspect.LoggingAspect - ENTER ExamWindowServiceImpl.list() args=[null, 0, 10]
2026-07-16 09:53:53.751 [http-nio-8083-exec-3] INFO  c.c.exam.aspect.LoggingAspect - EXIT  ExamWindowServiceImpl.list() (4 ms)
2026-07-16 09:53:53.751 [http-nio-8083-exec-3] INFO  c.c.exam.aspect.LoggingAspect - EXIT  ExamWindowController.list() (5 ms)
2026-07-16 09:56:28.286 [http-nio-8083-exec-5] INFO  c.c.exam.aspect.LoggingAspect - ENTER ExamWindowController.list() args=[null, 0, 10]
2026-07-16 09:56:28.286 [http-nio-8083-exec-5] INFO  c.c.exam.aspect.LoggingAspect - ENTER ExamWindowServiceImpl.list() args=[null, 0, 10]
2026-07-16 09:56:28.292 [http-nio-8083-exec-5] INFO  c.c.exam.aspect.LoggingAspect - EXIT  ExamWindowServiceImpl.list() (5 ms)
2026-07-16 09:56:28.292 [http-nio-8083-exec-5] INFO  c.c.exam.aspect.LoggingAspect - EXIT  ExamWindowController.list() (6 ms)
2026-07-16 09:56:28.303 [http-nio-8083-exec-7] INFO  c.c.exam.aspect.LoggingAspect - ENTER ExamWindowController.list() args=[null, 0, 10]
2026-07-16 09:56:28.303 [http-nio-8083-exec-7] INFO  c.c.exam.aspect.LoggingAspect - ENTER ExamWindowServiceImpl.list() args=[null, 0, 10]
2026-07-16 09:56:28.309 [http-nio-8083-exec-7] INFO  c.c.exam.aspect.LoggingAspect - EXIT  ExamWindowServiceImpl.list() (6 ms)
2026-07-16 09:56:28.309 [http-nio-8083-exec-7] INFO  c.c.exam.aspect.LoggingAspect - EXIT  ExamWindowController.list() (6 ms)
2026-07-16 09:57:22.129 [http-nio-8083-exec-8] INFO  c.c.exam.aspect.LoggingAspect - ENTER ExamWindowController.list() args=[null, 0, 10]
2026-07-16 09:57:22.129 [http-nio-8083-exec-8] INFO  c.c.exam.aspect.LoggingAspect - ENTER ExamWindowServiceImpl.list() args=[null, 0, 10]
2026-07-16 09:57:22.135 [http-nio-8083-exec-8] INFO  c.c.exam.aspect.LoggingAspect - EXIT  ExamWindowServiceImpl.list() (6 ms)
2026-07-16 09:57:22.135 [http-nio-8083-exec-8] INFO  c.c.exam.aspect.LoggingAspect - EXIT  ExamWindowController.list() (6 ms)
2026-07-16 09:57:22.145 [http-nio-8083-exec-6] INFO  c.c.exam.aspect.LoggingAspect - ENTER ExamWindowController.list() args=[null, 0, 10]
2026-07-16 09:57:22.146 [http-nio-8083-exec-6] INFO  c.c.exam.aspect.LoggingAspect - ENTER ExamWindowServiceImpl.list() args=[null, 0, 10]
2026-07-16 09:57:22.151 [http-nio-8083-exec-6] INFO  c.c.exam.aspect.LoggingAspect - EXIT  ExamWindowServiceImpl.list() (5 ms)
2026-07-16 09:57:22.151 [http-nio-8083-exec-6] INFO  c.c.exam.aspect.LoggingAspect - EXIT  ExamWindowController.list() (6 ms)
2026-07-16 09:58:19.402 [AsyncResolver-bootstrap-executor-%d] INFO  c.n.d.s.r.aws.ConfigClusterResolver - Resolving eureka endpoints via configuration
2026-07-16 10:03:19.406 [AsyncResolver-bootstrap-executor-%d] INFO  c.n.d.s.r.aws.ConfigClusterResolver - Resolving eureka endpoints via configuration
2026-07-16 10:08:19.440 [AsyncResolver-bootstrap-executor-%d] INFO  c.n.d.s.r.aws.ConfigClusterResolver - Resolving eureka endpoints via configuration
2026-07-16 10:13:19.444 [AsyncResolver-bootstrap-executor-%d] INFO  c.n.d.s.r.aws.ConfigClusterResolver - Resolving eureka endpoints via configuration
2026-07-16 10:14:33.125 [http-nio-8083-exec-10] INFO  c.c.exam.aspect.LoggingAspect - ENTER ExamWindowController.list() args=[null, 0, 10]
2026-07-16 10:14:33.125 [http-nio-8083-exec-10] INFO  c.c.exam.aspect.LoggingAspect - ENTER ExamWindowServiceImpl.list() args=[null, 0, 10]
2026-07-16 10:14:33.137 [http-nio-8083-exec-10] INFO  c.c.exam.aspect.LoggingAspect - EXIT  ExamWindowServiceImpl.list() (12 ms)
2026-07-16 10:14:33.137 [http-nio-8083-exec-10] INFO  c.c.exam.aspect.LoggingAspect - EXIT  ExamWindowController.list() (12 ms)
2026-07-16 10:14:33.151 [http-nio-8083-exec-1] INFO  c.c.exam.aspect.LoggingAspect - ENTER ExamWindowController.list() args=[null, 0, 10]
2026-07-16 10:14:33.151 [http-nio-8083-exec-1] INFO  c.c.exam.aspect.LoggingAspect - ENTER ExamWindowServiceImpl.list() args=[null, 0, 10]
2026-07-16 10:14:33.158 [http-nio-8083-exec-1] INFO  c.c.exam.aspect.LoggingAspect - EXIT  ExamWindowServiceImpl.list() (7 ms)
2026-07-16 10:14:33.158 [http-nio-8083-exec-1] INFO  c.c.exam.aspect.LoggingAspect - EXIT  ExamWindowController.list() (7 ms)
2026-07-16 10:15:06.961 [http-nio-8083-exec-2] INFO  c.c.exam.aspect.LoggingAspect - ENTER ExamWindowController.list() args=[null, 0, 10]
2026-07-16 10:15:06.961 [http-nio-8083-exec-2] INFO  c.c.exam.aspect.LoggingAspect - ENTER ExamWindowServiceImpl.list() args=[null, 0, 10]
2026-07-16 10:15:06.968 [http-nio-8083-exec-2] INFO  c.c.exam.aspect.LoggingAspect - EXIT  ExamWindowServiceImpl.list() (7 ms)
2026-07-16 10:15:06.968 [http-nio-8083-exec-2] INFO  c.c.exam.aspect.LoggingAspect - EXIT  ExamWindowController.list() (7 ms)
2026-07-16 10:15:06.978 [http-nio-8083-exec-3] INFO  c.c.exam.aspect.LoggingAspect - ENTER ExamWindowController.list() args=[null, 0, 10]
2026-07-16 10:15:06.978 [http-nio-8083-exec-3] INFO  c.c.exam.aspect.LoggingAspect - ENTER ExamWindowServiceImpl.list() args=[null, 0, 10]
2026-07-16 10:15:06.983 [http-nio-8083-exec-3] INFO  c.c.exam.aspect.LoggingAspect - EXIT  ExamWindowServiceImpl.list() (5 ms)
2026-07-16 10:15:06.983 [http-nio-8083-exec-3] INFO  c.c.exam.aspect.LoggingAspect - EXIT  ExamWindowController.list() (5 ms)
2026-07-16 10:15:15.423 [HikariPool-1 housekeeper] WARN  com.zaxxer.hikari.pool.HikariPool - HikariPool-1 - Thread starvation or clock leap detected (housekeeper delta=56s383ms835µs100ns).
2026-07-16 10:42:55.607 [http-nio-8083-exec-5] INFO  c.c.exam.aspect.LoggingAspect - ENTER ExamWindowController.list() args=[null, 0, 10]
2026-07-16 10:42:55.607 [http-nio-8083-exec-5] INFO  c.c.exam.aspect.LoggingAspect - ENTER ExamWindowServiceImpl.list() args=[null, 0, 10]
2026-07-16 10:42:55.616 [http-nio-8083-exec-5] INFO  c.c.exam.aspect.LoggingAspect - EXIT  ExamWindowServiceImpl.list() (9 ms)
2026-07-16 10:42:55.617 [http-nio-8083-exec-5] INFO  c.c.exam.aspect.LoggingAspect - EXIT  ExamWindowController.list() (10 ms)
2026-07-16 10:42:55.634 [http-nio-8083-exec-7] INFO  c.c.exam.aspect.LoggingAspect - ENTER ExamWindowController.list() args=[null, 0, 10]
2026-07-16 10:42:55.634 [http-nio-8083-exec-7] INFO  c.c.exam.aspect.LoggingAspect - ENTER ExamWindowServiceImpl.list() args=[null, 0, 10]
2026-07-16 10:42:55.637 [http-nio-8083-exec-7] INFO  c.c.exam.aspect.LoggingAspect - EXIT  ExamWindowServiceImpl.list() (3 ms)
2026-07-16 10:42:55.637 [http-nio-8083-exec-7] INFO  c.c.exam.aspect.LoggingAspect - EXIT  ExamWindowController.list() (3 ms)
2026-07-16 10:43:01.991 [HikariPool-1 housekeeper] WARN  com.zaxxer.hikari.pool.HikariPool - HikariPool-1 - Thread starvation or clock leap detected (housekeeper delta=27m16s557ms35µs300ns).
2026-07-16 10:45:32.369 [AsyncResolver-bootstrap-executor-%d] INFO  c.n.d.s.r.aws.ConfigClusterResolver - Resolving eureka endpoints via configuration
2026-07-16 10:48:04.789 [http-nio-8083-exec-6] INFO  c.c.exam.aspect.LoggingAspect - ENTER ExamWindowController.list() args=[null, 0, 10]
2026-07-16 10:48:04.790 [http-nio-8083-exec-6] INFO  c.c.exam.aspect.LoggingAspect - ENTER ExamWindowServiceImpl.list() args=[null, 0, 10]
2026-07-16 10:48:04.800 [http-nio-8083-exec-6] INFO  c.c.exam.aspect.LoggingAspect - EXIT  ExamWindowServiceImpl.list() (10 ms)
2026-07-16 10:48:04.800 [http-nio-8083-exec-6] INFO  c.c.exam.aspect.LoggingAspect - EXIT  ExamWindowController.list() (12 ms)
2026-07-16 10:48:04.813 [http-nio-8083-exec-9] INFO  c.c.exam.aspect.LoggingAspect - ENTER ExamWindowController.list() args=[null, 0, 10]
2026-07-16 10:48:04.813 [http-nio-8083-exec-9] INFO  c.c.exam.aspect.LoggingAspect - ENTER ExamWindowServiceImpl.list() args=[null, 0, 10]
2026-07-16 10:48:04.820 [http-nio-8083-exec-9] INFO  c.c.exam.aspect.LoggingAspect - EXIT  ExamWindowServiceImpl.list() (7 ms)
2026-07-16 10:48:04.821 [http-nio-8083-exec-9] INFO  c.c.exam.aspect.LoggingAspect - EXIT  ExamWindowController.list() (8 ms)
2026-07-16 10:49:24.773 [http-nio-8083-exec-1] INFO  c.c.exam.aspect.LoggingAspect - ENTER ExamWindowController.list() args=[null, 0, 10]
2026-07-16 10:49:24.787 [http-nio-8083-exec-1] INFO  c.c.exam.aspect.LoggingAspect - ENTER ExamWindowServiceImpl.list() args=[null, 0, 10]
2026-07-16 10:49:24.795 [http-nio-8083-exec-1] INFO  c.c.exam.aspect.LoggingAspect - EXIT  ExamWindowServiceImpl.list() (8 ms)
2026-07-16 10:49:24.795 [http-nio-8083-exec-1] INFO  c.c.exam.aspect.LoggingAspect - EXIT  ExamWindowController.list() (22 ms)
2026-07-16 10:49:24.808 [http-nio-8083-exec-2] INFO  c.c.exam.aspect.LoggingAspect - ENTER ExamWindowController.list() args=[null, 0, 10]
2026-07-16 10:49:24.808 [http-nio-8083-exec-2] INFO  c.c.exam.aspect.LoggingAspect - ENTER ExamWindowServiceImpl.list() args=[null, 0, 10]
2026-07-16 10:49:24.815 [http-nio-8083-exec-2] INFO  c.c.exam.aspect.LoggingAspect - EXIT  ExamWindowServiceImpl.list() (7 ms)
2026-07-16 10:49:24.815 [http-nio-8083-exec-2] INFO  c.c.exam.aspect.LoggingAspect - EXIT  ExamWindowController.list() (7 ms)
2026-07-16 10:50:39.680 [http-nio-8083-exec-4] INFO  c.c.exam.aspect.LoggingAspect - ENTER ExamWindowController.list() args=[null, 0, 10]
2026-07-16 10:50:39.680 [http-nio-8083-exec-4] INFO  c.c.exam.aspect.LoggingAspect - ENTER ExamWindowServiceImpl.list() args=[null, 0, 10]
2026-07-16 10:50:39.687 [http-nio-8083-exec-4] INFO  c.c.exam.aspect.LoggingAspect - EXIT  ExamWindowServiceImpl.list() (7 ms)
2026-07-16 10:50:39.688 [http-nio-8083-exec-4] INFO  c.c.exam.aspect.LoggingAspect - EXIT  ExamWindowController.list() (8 ms)
2026-07-16 10:50:39.701 [http-nio-8083-exec-5] INFO  c.c.exam.aspect.LoggingAspect - ENTER ExamWindowController.list() args=[null, 0, 10]
2026-07-16 10:50:39.701 [http-nio-8083-exec-5] INFO  c.c.exam.aspect.LoggingAspect - ENTER ExamWindowServiceImpl.list() args=[null, 0, 10]
2026-07-16 10:50:39.708 [http-nio-8083-exec-5] INFO  c.c.exam.aspect.LoggingAspect - EXIT  ExamWindowServiceImpl.list() (7 ms)
2026-07-16 10:50:39.708 [http-nio-8083-exec-5] INFO  c.c.exam.aspect.LoggingAspect - EXIT  ExamWindowController.list() (7 ms)
2026-07-16 10:50:40.789 [AsyncResolver-bootstrap-executor-%d] INFO  c.n.d.s.r.aws.ConfigClusterResolver - Resolving eureka endpoints via configuration
2026-07-16 10:52:00.208 [http-nio-8083-exec-8] INFO  c.c.exam.aspect.LoggingAspect - ENTER ExamWindowController.list() args=[null, 0, 10]
2026-07-16 10:52:00.213 [http-nio-8083-exec-8] INFO  c.c.exam.aspect.LoggingAspect - ENTER ExamWindowServiceImpl.list() args=[null, 0, 10]
2026-07-16 10:52:00.222 [http-nio-8083-exec-8] INFO  c.c.exam.aspect.LoggingAspect - EXIT  ExamWindowServiceImpl.list() (9 ms)
2026-07-16 10:52:00.224 [http-nio-8083-exec-8] INFO  c.c.exam.aspect.LoggingAspect - EXIT  ExamWindowController.list() (16 ms)
2026-07-16 10:52:00.237 [http-nio-8083-exec-6] INFO  c.c.exam.aspect.LoggingAspect - ENTER ExamWindowController.list() args=[null, 0, 10]
2026-07-16 10:52:00.237 [http-nio-8083-exec-6] INFO  c.c.exam.aspect.LoggingAspect - ENTER ExamWindowServiceImpl.list() args=[null, 0, 10]
2026-07-16 10:52:00.245 [http-nio-8083-exec-6] INFO  c.c.exam.aspect.LoggingAspect - EXIT  ExamWindowServiceImpl.list() (8 ms)
2026-07-16 10:52:00.245 [http-nio-8083-exec-6] INFO  c.c.exam.aspect.LoggingAspect - EXIT  ExamWindowController.list() (8 ms)
2026-07-16 10:52:07.287 [HikariPool-1 housekeeper] WARN  com.zaxxer.hikari.pool.HikariPool - HikariPool-1 - Thread starvation or clock leap detected (housekeeper delta=56s446ms115µs200ns).
2026-07-16 10:56:07.242 [AsyncResolver-bootstrap-executor-%d] INFO  c.n.d.s.r.aws.ConfigClusterResolver - Resolving eureka endpoints via configuration
2026-07-16 12:34:05.113 [HikariPool-1 housekeeper] WARN  com.zaxxer.hikari.pool.HikariPool - HikariPool-1 - Thread starvation or clock leap detected (housekeeper delta=1h37m27s746ms536µs300ns).
2026-07-16 14:02:24.657 [HikariPool-1 housekeeper] WARN  com.zaxxer.hikari.pool.HikariPool - HikariPool-1 - Thread starvation or clock leap detected (housekeeper delta=1h28m19s545ms32µs).
2026-07-16 14:03:44.926 [http-nio-8083-exec-10] INFO  c.c.exam.aspect.LoggingAspect - ENTER ExamWindowController.list() args=[null, 0, 10]
2026-07-16 14:03:44.926 [http-nio-8083-exec-10] INFO  c.c.exam.aspect.LoggingAspect - ENTER ExamWindowServiceImpl.list() args=[null, 0, 10]
2026-07-16 14:03:44.944 [http-nio-8083-exec-10] INFO  c.c.exam.aspect.LoggingAspect - EXIT  ExamWindowServiceImpl.list() (18 ms)
2026-07-16 14:03:44.944 [http-nio-8083-exec-10] INFO  c.c.exam.aspect.LoggingAspect - EXIT  ExamWindowController.list() (18 ms)
2026-07-16 14:03:45.583 [http-nio-8083-exec-1] INFO  c.c.exam.aspect.LoggingAspect - ENTER ExamWindowController.list() args=[null, 0, 10]
2026-07-16 14:03:45.583 [http-nio-8083-exec-1] INFO  c.c.exam.aspect.LoggingAspect - ENTER ExamWindowServiceImpl.list() args=[null, 0, 10]
2026-07-16 14:03:45.599 [http-nio-8083-exec-1] INFO  c.c.exam.aspect.LoggingAspect - EXIT  ExamWindowServiceImpl.list() (16 ms)
2026-07-16 14:03:45.600 [http-nio-8083-exec-1] INFO  c.c.exam.aspect.LoggingAspect - EXIT  ExamWindowController.list() (17 ms)
2026-07-16 14:05:54.536 [AsyncResolver-bootstrap-executor-%d] INFO  c.n.d.s.r.aws.ConfigClusterResolver - Resolving eureka endpoints via configuration
2026-07-16 14:10:54.541 [AsyncResolver-bootstrap-executor-%d] INFO  c.n.d.s.r.aws.ConfigClusterResolver - Resolving eureka endpoints via configuration
2026-07-16 14:15:54.551 [AsyncResolver-bootstrap-executor-%d] INFO  c.n.d.s.r.aws.ConfigClusterResolver - Resolving eureka endpoints via configuration
2026-07-16 14:20:54.565 [AsyncResolver-bootstrap-executor-%d] INFO  c.n.d.s.r.aws.ConfigClusterResolver - Resolving eureka endpoints via configuration
2026-07-16 14:25:54.577 [AsyncResolver-bootstrap-executor-%d] INFO  c.n.d.s.r.aws.ConfigClusterResolver - Resolving eureka endpoints via configuration
2026-07-16 14:30:54.587 [AsyncResolver-bootstrap-executor-%d] INFO  c.n.d.s.r.aws.ConfigClusterResolver - Resolving eureka endpoints via configuration
2026-07-16 14:47:38.782 [HikariPool-1 housekeeper] WARN  com.zaxxer.hikari.pool.HikariPool - HikariPool-1 - Thread starvation or clock leap detected (housekeeper delta=12m29s314ms173µs500ns).
2026-07-16 14:47:53.897 [AsyncResolver-bootstrap-executor-%d] INFO  c.n.d.s.r.aws.ConfigClusterResolver - Resolving eureka endpoints via configuration
2026-07-16 14:48:11.728 [http-nio-8083-exec-3] INFO  c.c.exam.aspect.LoggingAspect - ENTER ExamWindowController.list() args=[null, 0, 10]
2026-07-16 14:48:11.737 [http-nio-8083-exec-3] INFO  c.c.exam.aspect.LoggingAspect - ENTER ExamWindowServiceImpl.list() args=[null, 0, 10]
2026-07-16 14:48:11.855 [http-nio-8083-exec-3] INFO  c.c.exam.aspect.LoggingAspect - EXIT  ExamWindowServiceImpl.list() (118 ms)
2026-07-16 14:48:11.857 [http-nio-8083-exec-3] INFO  c.c.exam.aspect.LoggingAspect - EXIT  ExamWindowController.list() (129 ms)
2026-07-16 14:48:12.907 [http-nio-8083-exec-4] INFO  c.c.exam.aspect.LoggingAspect - ENTER ExamWindowController.list() args=[null, 0, 10]
2026-07-16 14:48:12.907 [http-nio-8083-exec-4] INFO  c.c.exam.aspect.LoggingAspect - ENTER ExamWindowServiceImpl.list() args=[null, 0, 10]
2026-07-16 14:48:12.931 [http-nio-8083-exec-4] INFO  c.c.exam.aspect.LoggingAspect - EXIT  ExamWindowServiceImpl.list() (24 ms)
2026-07-16 14:48:12.931 [http-nio-8083-exec-4] INFO  c.c.exam.aspect.LoggingAspect - EXIT  ExamWindowController.list() (24 ms)
2026-07-16 15:04:45.586 [HikariPool-1 housekeeper] WARN  com.zaxxer.hikari.pool.HikariPool - HikariPool-1 - Thread starvation or clock leap detected (housekeeper delta=14m6s764ms721µs900ns).
2026-07-16 15:05:11.056 [http-nio-8083-exec-7] INFO  c.c.exam.aspect.LoggingAspect - ENTER ExamWindowController.list() args=[null, 0, 10]
2026-07-16 15:05:11.056 [http-nio-8083-exec-7] INFO  c.c.exam.aspect.LoggingAspect - ENTER ExamWindowServiceImpl.list() args=[null, 0, 10]
2026-07-16 15:05:11.071 [http-nio-8083-exec-7] INFO  c.c.exam.aspect.LoggingAspect - EXIT  ExamWindowServiceImpl.list() (15 ms)
2026-07-16 15:05:11.071 [http-nio-8083-exec-7] INFO  c.c.exam.aspect.LoggingAspect - EXIT  ExamWindowController.list() (15 ms)
2026-07-16 15:05:12.868 [http-nio-8083-exec-8] INFO  c.c.exam.aspect.LoggingAspect - ENTER ExamWindowController.list() args=[null, 0, 10]
2026-07-16 15:05:12.868 [http-nio-8083-exec-8] INFO  c.c.exam.aspect.LoggingAspect - ENTER ExamWindowServiceImpl.list() args=[null, 0, 10]
2026-07-16 15:05:12.886 [http-nio-8083-exec-8] INFO  c.c.exam.aspect.LoggingAspect - EXIT  ExamWindowServiceImpl.list() (18 ms)
2026-07-16 15:05:12.886 [http-nio-8083-exec-8] INFO  c.c.exam.aspect.LoggingAspect - EXIT  ExamWindowController.list() (18 ms)
2026-07-16 15:06:30.675 [AsyncResolver-bootstrap-executor-%d] INFO  c.n.d.s.r.aws.ConfigClusterResolver - Resolving eureka endpoints via configuration
2026-07-16 15:11:30.683 [AsyncResolver-bootstrap-executor-%d] INFO  c.n.d.s.r.aws.ConfigClusterResolver - Resolving eureka endpoints via configuration
2026-07-16 15:16:30.697 [AsyncResolver-bootstrap-executor-%d] INFO  c.n.d.s.r.aws.ConfigClusterResolver - Resolving eureka endpoints via configuration
2026-07-16 15:21:30.704 [AsyncResolver-bootstrap-executor-%d] INFO  c.n.d.s.r.aws.ConfigClusterResolver - Resolving eureka endpoints via configuration
2026-07-16 15:26:30.713 [AsyncResolver-bootstrap-executor-%d] INFO  c.n.d.s.r.aws.ConfigClusterResolver - Resolving eureka endpoints via configuration
2026-07-16 15:31:30.719 [AsyncResolver-bootstrap-executor-%d] INFO  c.n.d.s.r.aws.ConfigClusterResolver - Resolving eureka endpoints via configuration
2026-07-16 15:31:41.857 [http-nio-8083-exec-9] INFO  c.c.exam.aspect.LoggingAspect - ENTER ExamWindowController.list() args=[null, 0, 1]
2026-07-16 15:31:41.857 [http-nio-8083-exec-9] INFO  c.c.exam.aspect.LoggingAspect - ENTER ExamWindowServiceImpl.list() args=[null, 0, 1]
2026-07-16 15:31:42.266 [http-nio-8083-exec-9] INFO  c.c.exam.aspect.LoggingAspect - EXIT  ExamWindowServiceImpl.list() (409 ms)
2026-07-16 15:31:42.266 [http-nio-8083-exec-9] INFO  c.c.exam.aspect.LoggingAspect - EXIT  ExamWindowController.list() (409 ms)
2026-07-16 15:31:42.360 [http-nio-8083-exec-10] INFO  c.c.exam.aspect.LoggingAspect - ENTER ExamWindowController.list() args=[null, 0, 1]
2026-07-16 15:31:42.360 [http-nio-8083-exec-10] INFO  c.c.exam.aspect.LoggingAspect - ENTER ExamWindowServiceImpl.list() args=[null, 0, 1]
2026-07-16 15:31:42.376 [http-nio-8083-exec-10] INFO  c.c.exam.aspect.LoggingAspect - EXIT  ExamWindowServiceImpl.list() (16 ms)
2026-07-16 15:31:42.376 [http-nio-8083-exec-10] INFO  c.c.exam.aspect.LoggingAspect - EXIT  ExamWindowController.list() (16 ms)
2026-07-16 15:31:44.786 [http-nio-8083-exec-1] INFO  c.c.exam.aspect.LoggingAspect - ENTER ExamWindowController.list() args=[null, 0, 1]
2026-07-16 15:31:44.786 [http-nio-8083-exec-1] INFO  c.c.exam.aspect.LoggingAspect - ENTER ExamWindowServiceImpl.list() args=[null, 0, 1]
2026-07-16 15:31:44.818 [http-nio-8083-exec-1] INFO  c.c.exam.aspect.LoggingAspect - EXIT  ExamWindowServiceImpl.list() (32 ms)
2026-07-16 15:31:44.818 [http-nio-8083-exec-1] INFO  c.c.exam.aspect.LoggingAspect - EXIT  ExamWindowController.list() (40 ms)
2026-07-16 15:31:44.882 [http-nio-8083-exec-2] INFO  c.c.exam.aspect.LoggingAspect - ENTER ExamWindowController.list() args=[null, 0, 1]
2026-07-16 15:31:44.882 [http-nio-8083-exec-2] INFO  c.c.exam.aspect.LoggingAspect - ENTER ExamWindowServiceImpl.list() args=[null, 0, 1]
2026-07-16 15:31:44.914 [http-nio-8083-exec-2] INFO  c.c.exam.aspect.LoggingAspect - EXIT  ExamWindowServiceImpl.list() (32 ms)
2026-07-16 15:31:44.914 [http-nio-8083-exec-2] INFO  c.c.exam.aspect.LoggingAspect - EXIT  ExamWindowController.list() (32 ms)
2026-07-16 15:36:30.740 [AsyncResolver-bootstrap-executor-%d] INFO  c.n.d.s.r.aws.ConfigClusterResolver - Resolving eureka endpoints via configuration
2026-07-16 15:37:30.501 [http-nio-8083-exec-5] INFO  c.c.exam.aspect.LoggingAspect - ENTER ExamWindowController.list() args=[null, 0, 1]
2026-07-16 15:37:30.503 [http-nio-8083-exec-5] INFO  c.c.exam.aspect.LoggingAspect - ENTER ExamWindowServiceImpl.list() args=[null, 0, 1]
2026-07-16 15:37:30.538 [http-nio-8083-exec-5] INFO  c.c.exam.aspect.LoggingAspect - EXIT  ExamWindowServiceImpl.list() (35 ms)
2026-07-16 15:37:30.538 [http-nio-8083-exec-5] INFO  c.c.exam.aspect.LoggingAspect - EXIT  ExamWindowController.list() (37 ms)
2026-07-16 15:37:30.589 [http-nio-8083-exec-7] INFO  c.c.exam.aspect.LoggingAspect - ENTER ExamWindowController.list() args=[null, 0, 1]
2026-07-16 15:37:30.601 [http-nio-8083-exec-7] INFO  c.c.exam.aspect.LoggingAspect - ENTER ExamWindowServiceImpl.list() args=[null, 0, 1]
2026-07-16 15:37:30.616 [http-nio-8083-exec-7] INFO  c.c.exam.aspect.LoggingAspect - EXIT  ExamWindowServiceImpl.list() (15 ms)
2026-07-16 15:37:30.616 [http-nio-8083-exec-7] INFO  c.c.exam.aspect.LoggingAspect - EXIT  ExamWindowController.list() (27 ms)
2026-07-16 15:41:30.744 [AsyncResolver-bootstrap-executor-%d] INFO  c.n.d.s.r.aws.ConfigClusterResolver - Resolving eureka endpoints via configuration
2026-07-16 15:43:05.164 [RMI TCP Connection(244)-127.0.0.1] INFO  o.s.b.a.SpringApplicationAdminMXBeanRegistrar$SpringApplicationAdmin - Application shutdown requested.
2026-07-16 15:43:05.275 [RMI TCP Connection(244)-127.0.0.1] INFO  o.s.c.n.e.s.EurekaServiceRegistry - Unregistering application EXAM-SERVICE with eureka with status DOWN
2026-07-16 15:43:05.277 [RMI TCP Connection(244)-127.0.0.1] INFO  c.netflix.discovery.DiscoveryClient - Saw local status change event StatusChangeEvent [timestamp=1784196785276, current=DOWN, previous=UP]
2026-07-16 15:43:05.279 [DiscoveryClient-InstanceInfoReplicator-%d] INFO  c.netflix.discovery.DiscoveryClient - DiscoveryClient_EXAM-SERVICE/LTIN708779.cts.com:exam-service:8083: registering service...
2026-07-16 15:43:05.557 [DiscoveryClient-InstanceInfoReplicator-%d] INFO  c.n.d.s.t.d.RedirectingEurekaHttpClient - Request execution error. endpoint=DefaultEndpoint{ serviceUrl='http://localhost:8761/eureka/} exception=I/O error on POST request for "http://localhost:8761/eureka/apps/EXAM-SERVICE": Connect to http://localhost:8761 [localhost/127.0.0.1, localhost/0:0:0:0:0:0:0:1] failed: Connection refused: getsockopt stacktrace=org.springframework.web.client.ResourceAccessException: I/O error on POST request for "http://localhost:8761/eureka/apps/EXAM-SERVICE": Connect to http://localhost:8761 [localhost/127.0.0.1, localhost/0:0:0:0:0:0:0:1] failed: Connection refused: getsockopt
	at org.springframework.web.client.RestTemplate.createResourceAccessException(RestTemplate.java:915)
	at org.springframework.web.client.RestTemplate.doExecute(RestTemplate.java:895)
	at org.springframework.web.client.RestTemplate.execute(RestTemplate.java:790)
	at org.springframework.web.client.RestTemplate.exchange(RestTemplate.java:672)
	at org.springframework.cloud.netflix.eureka.http.RestTemplateEurekaHttpClient.register(RestTemplateEurekaHttpClient.java:77)
	at com.netflix.discovery.shared.transport.decorator.EurekaHttpClientDecorator$1.execute(EurekaHttpClientDecorator.java:59)
	at com.netflix.discovery.shared.transport.decorator.RedirectingEurekaHttpClient.execute(RedirectingEurekaHttpClient.java:91)
	at com.netflix.discovery.shared.transport.decorator.EurekaHttpClientDecorator.register(EurekaHttpClientDecorator.java:56)
	at com.netflix.discovery.shared.transport.decorator.EurekaHttpClientDecorator$1.execute(EurekaHttpClientDecorator.java:59)
	at com.netflix.discovery.shared.transport.decorator.RetryableEurekaHttpClient.execute(RetryableEurekaHttpClient.java:120)
	at com.netflix.discovery.shared.transport.decorator.EurekaHttpClientDecorator.register(EurekaHttpClientDecorator.java:56)
	at com.netflix.discovery.shared.transport.decorator.EurekaHttpClientDecorator$1.execute(EurekaHttpClientDecorator.java:59)
	at com.netflix.discovery.shared.transport.decorator.SessionedEurekaHttpClient.execute(SessionedEurekaHttpClient.java:76)
	at com.netflix.discovery.shared.transport.decorator.EurekaHttpClientDecorator.register(EurekaHttpClientDecorator.java:56)
	at com.netflix.discovery.DiscoveryClient.register(DiscoveryClient.java:828)
	at com.netflix.discovery.InstanceInfoReplicator.run(InstanceInfoReplicator.java:125)
	at com.netflix.discovery.InstanceInfoReplicator$2.run(InstanceInfoReplicator.java:105)
	at java.base/java.util.concurrent.Executors$RunnableAdapter.call(Executors.java:572)
	at java.base/java.util.concurrent.FutureTask.run(FutureTask.java:317)
	at java.base/java.util.concurrent.ScheduledThreadPoolExecutor$ScheduledFutureTask.run(ScheduledThreadPoolExecutor.java:304)
	at java.base/java.util.concurrent.ThreadPoolExecutor.runWorker(ThreadPoolExecutor.java:1144)
	at java.base/java.util.concurrent.ThreadPoolExecutor$Worker.run(ThreadPoolExecutor.java:642)
	at java.base/java.lang.Thread.run(Thread.java:1583)
Caused by: org.apache.hc.client5.http.HttpHostConnectException: Connect to http://localhost:8761 [localhost/127.0.0.1, localhost/0:0:0:0:0:0:0:1] failed: Connection refused: getsockopt
	at java.base/sun.nio.ch.Net.pollConnect(Native Method)
	at java.base/sun.nio.ch.Net.pollConnectNow(Net.java:682)
	at java.base/sun.nio.ch.NioSocketImpl.timedFinishConnect(NioSocketImpl.java:542)
	at java.base/sun.nio.ch.NioSocketImpl.connect(NioSocketImpl.java:592)
	at java.base/java.net.SocksSocketImpl.connect(SocksSocketImpl.java:327)
	at java.base/java.net.Socket.connect(Socket.java:751)
	at org.apache.hc.client5.http.socket.PlainConnectionSocketFactory.lambda$connectSocket$0(PlainConnectionSocketFactory.java:91)
	at java.base/java.security.AccessController.doPrivileged(AccessController.java:571)
	at org.apache.hc.client5.http.socket.PlainConnectionSocketFactory.connectSocket(PlainConnectionSocketFactory.java:90)
	at org.apache.hc.client5.http.socket.ConnectionSocketFactory.connectSocket(ConnectionSocketFactory.java:123)
	at org.apache.hc.client5.http.impl.io.DefaultHttpClientConnectionOperator.connect(DefaultHttpClientConnectionOperator.java:189)
	at org.apache.hc.client5.http.impl.io.PoolingHttpClientConnectionManager.connect(PoolingHttpClientConnectionManager.java:450)
	at org.apache.hc.client5.http.impl.classic.InternalExecRuntime.connectEndpoint(InternalExecRuntime.java:162)
	at org.apache.hc.client5.http.impl.classic.InternalExecRuntime.connectEndpoint(InternalExecRuntime.java:172)
	at org.apache.hc.client5.http.impl.classic.ConnectExec.execute(ConnectExec.java:142)
	at org.apache.hc.client5.http.impl.classic.ExecChainElement.execute(ExecChainElement.java:51)
	at org.apache.hc.client5.http.impl.classic.ProtocolExec.execute(ProtocolExec.java:192)
	at org.apache.hc.client5.http.impl.classic.ExecChainElement.execute(ExecChainElement.java:51)
	at org.apache.hc.client5.http.impl.classic.HttpRequestRetryExec.execute(HttpRequestRetryExec.java:113)
	at org.apache.hc.client5.http.impl.classic.ExecChainElement.execute(ExecChainElement.java:51)
	at org.apache.hc.client5.http.impl.classic.ContentCompressionExec.execute(ContentCompressionExec.java:152)
	at org.apache.hc.client5.http.impl.classic.ExecChainElement.execute(ExecChainElement.java:51)
	at org.apache.hc.client5.http.impl.classic.RedirectExec.execute(RedirectExec.java:116)
	at org.apache.hc.client5.http.impl.classic.ExecChainElement.execute(ExecChainElement.java:51)
	at org.apache.hc.client5.http.impl.classic.InternalHttpClient.doExecute(InternalHttpClient.java:170)
	at org.apache.hc.client5.http.impl.classic.CloseableHttpClient.execute(CloseableHttpClient.java:87)
	at org.apache.hc.client5.http.impl.classic.CloseableHttpClient.execute(CloseableHttpClient.java:55)
	at org.apache.hc.client5.http.classic.HttpClient.executeOpen(HttpClient.java:183)
	at org.springframework.http.client.HttpComponentsClientHttpRequest.executeInternal(HttpComponentsClientHttpRequest.java:99)
	at org.springframework.http.client.AbstractStreamingClientHttpRequest.executeInternal(AbstractStreamingClientHttpRequest.java:70)
	at org.springframework.http.client.AbstractClientHttpRequest.execute(AbstractClientHttpRequest.java:66)
	at org.springframework.http.client.InterceptingClientHttpRequest$InterceptingRequestExecution.execute(InterceptingClientHttpRequest.java:112)
	at org.springframework.cloud.netflix.eureka.http.RestTemplateTransportClientFactory.lambda$restTemplate$3(RestTemplateTransportClientFactory.java:170)
	at org.springframework.http.client.InterceptingClientHttpRequest$InterceptingRequestExecution.execute(InterceptingClientHttpRequest.java:88)
	at org.springframework.http.client.InterceptingClientHttpRequest.executeInternal(InterceptingClientHttpRequest.java:72)
	at org.springframework.http.client.AbstractBufferingClientHttpRequest.executeInternal(AbstractBufferingClientHttpRequest.java:48)
	at org.springframework.http.client.AbstractClientHttpRequest.execute(AbstractClientHttpRequest.java:66)
	at org.springframework.web.client.RestTemplate.doExecute(RestTemplate.java:889)
	... 21 more

2026-07-16 15:43:05.558 [DiscoveryClient-InstanceInfoReplicator-%d] WARN  c.n.d.s.t.d.RetryableEurekaHttpClient - Request execution failed with message: I/O error on POST request for "http://localhost:8761/eureka/apps/EXAM-SERVICE": Connect to http://localhost:8761 [localhost/127.0.0.1, localhost/0:0:0:0:0:0:0:1] failed: Connection refused: getsockopt
2026-07-16 15:43:05.600 [RMI TCP Connection(244)-127.0.0.1] INFO  o.s.o.j.LocalContainerEntityManagerFactoryBean - Closing JPA EntityManagerFactory for persistence unit 'default'
2026-07-16 15:43:05.645 [RMI TCP Connection(244)-127.0.0.1] INFO  com.zaxxer.hikari.HikariDataSource - HikariPool-1 - Shutdown initiated...
2026-07-16 15:43:05.645 [DiscoveryClient-InstanceInfoReplicator-%d] INFO  c.n.d.s.t.d.RedirectingEurekaHttpClient - Request execution error. endpoint=DefaultEndpoint{ serviceUrl='http://localhost:8761/eureka/}, exception=I/O error on POST request for "http://localhost:8761/eureka/apps/EXAM-SERVICE": Connect to http://localhost:8761 [localhost/127.0.0.1, localhost/0:0:0:0:0:0:0:1] failed: Connection refused: getsockopt stacktrace=org.springframework.web.client.ResourceAccessException: I/O error on POST request for "http://localhost:8761/eureka/apps/EXAM-SERVICE": Connect to http://localhost:8761 [localhost/127.0.0.1, localhost/0:0:0:0:0:0:0:1] failed: Connection refused: getsockopt
	at org.springframework.web.client.RestTemplate.createResourceAccessException(RestTemplate.java:915)
	at org.springframework.web.client.RestTemplate.doExecute(RestTemplate.java:895)
	at org.springframework.web.client.RestTemplate.execute(RestTemplate.java:790)
	at org.springframework.web.client.RestTemplate.exchange(RestTemplate.java:672)
	at org.springframework.cloud.netflix.eureka.http.RestTemplateEurekaHttpClient.register(RestTemplateEurekaHttpClient.java:77)
	at com.netflix.discovery.shared.transport.decorator.EurekaHttpClientDecorator$1.execute(EurekaHttpClientDecorator.java:59)
	at com.netflix.discovery.shared.transport.decorator.RedirectingEurekaHttpClient.executeOnNewServer(RedirectingEurekaHttpClient.java:121)
	at com.netflix.discovery.shared.transport.decorator.RedirectingEurekaHttpClient.execute(RedirectingEurekaHttpClient.java:80)
	at com.netflix.discovery.shared.transport.decorator.EurekaHttpClientDecorator.register(EurekaHttpClientDecorator.java:56)
	at com.netflix.discovery.shared.transport.decorator.EurekaHttpClientDecorator$1.execute(EurekaHttpClientDecorator.java:59)
	at com.netflix.discovery.shared.transport.decorator.RetryableEurekaHttpClient.execute(RetryableEurekaHttpClient.java:120)
	at com.netflix.discovery.shared.transport.decorator.EurekaHttpClientDecorator.register(EurekaHttpClientDecorator.java:56)
	at com.netflix.discovery.shared.transport.decorator.EurekaHttpClientDecorator$1.execute(EurekaHttpClientDecorator.java:59)
	at com.netflix.discovery.shared.transport.decorator.SessionedEurekaHttpClient.execute(SessionedEurekaHttpClient.java:76)
	at com.netflix.discovery.shared.transport.decorator.EurekaHttpClientDecorator.register(EurekaHttpClientDecorator.java:56)
	at com.netflix.discovery.DiscoveryClient.register(DiscoveryClient.java:828)
	at com.netflix.discovery.InstanceInfoReplicator.run(InstanceInfoReplicator.java:125)
	at com.netflix.discovery.InstanceInfoReplicator$2.run(InstanceInfoReplicator.java:105)
	at java.base/java.util.concurrent.Executors$RunnableAdapter.call(Executors.java:572)
	at java.base/java.util.concurrent.FutureTask.run(FutureTask.java:317)
	at java.base/java.util.concurrent.ScheduledThreadPoolExecutor$ScheduledFutureTask.run(ScheduledThreadPoolExecutor.java:304)
	at java.base/java.util.concurrent.ThreadPoolExecutor.runWorker(ThreadPoolExecutor.java:1144)
	at java.base/java.util.concurrent.ThreadPoolExecutor$Worker.run(ThreadPoolExecutor.java:642)
	at java.base/java.lang.Thread.run(Thread.java:1583)
Caused by: org.apache.hc.client5.http.HttpHostConnectException: Connect to http://localhost:8761 [localhost/127.0.0.1, localhost/0:0:0:0:0:0:0:1] failed: Connection refused: getsockopt
	at java.base/sun.nio.ch.Net.pollConnect(Native Method)
	at java.base/sun.nio.ch.Net.pollConnectNow(Net.java:682)
	at java.base/sun.nio.ch.NioSocketImpl.timedFinishConnect(NioSocketImpl.java:542)
	at java.base/sun.nio.ch.NioSocketImpl.connect(NioSocketImpl.java:592)
	at java.base/java.net.SocksSocketImpl.connect(SocksSocketImpl.java:327)
	at java.base/java.net.Socket.connect(Socket.java:751)
	at org.apache.hc.client5.http.socket.PlainConnectionSocketFactory.lambda$connectSocket$0(PlainConnectionSocketFactory.java:91)
	at java.base/java.security.AccessController.doPrivileged(AccessController.java:571)
	at org.apache.hc.client5.http.socket.PlainConnectionSocketFactory.connectSocket(PlainConnectionSocketFactory.java:90)
	at org.apache.hc.client5.http.socket.ConnectionSocketFactory.connectSocket(ConnectionSocketFactory.java:123)
	at org.apache.hc.client5.http.impl.io.DefaultHttpClientConnectionOperator.connect(DefaultHttpClientConnectionOperator.java:189)
	at org.apache.hc.client5.http.impl.io.PoolingHttpClientConnectionManager.connect(PoolingHttpClientConnectionManager.java:450)
	at org.apache.hc.client5.http.impl.classic.InternalExecRuntime.connectEndpoint(InternalExecRuntime.java:162)
	at org.apache.hc.client5.http.impl.classic.InternalExecRuntime.connectEndpoint(InternalExecRuntime.java:172)
	at org.apache.hc.client5.http.impl.classic.ConnectExec.execute(ConnectExec.java:142)
	at org.apache.hc.client5.http.impl.classic.ExecChainElement.execute(ExecChainElement.java:51)
	at org.apache.hc.client5.http.impl.classic.ProtocolExec.execute(ProtocolExec.java:192)
	at org.apache.hc.client5.http.impl.classic.ExecChainElement.execute(ExecChainElement.java:51)
	at org.apache.hc.client5.http.impl.classic.HttpRequestRetryExec.execute(HttpRequestRetryExec.java:113)
	at org.apache.hc.client5.http.impl.classic.ExecChainElement.execute(ExecChainElement.java:51)
	at org.apache.hc.client5.http.impl.classic.ContentCompressionExec.execute(ContentCompressionExec.java:152)
	at org.apache.hc.client5.http.impl.classic.ExecChainElement.execute(ExecChainElement.java:51)
	at org.apache.hc.client5.http.impl.classic.RedirectExec.execute(RedirectExec.java:116)
	at org.apache.hc.client5.http.impl.classic.ExecChainElement.execute(ExecChainElement.java:51)
	at org.apache.hc.client5.http.impl.classic.InternalHttpClient.doExecute(InternalHttpClient.java:170)
	at org.apache.hc.client5.http.impl.classic.CloseableHttpClient.execute(CloseableHttpClient.java:87)
	at org.apache.hc.client5.http.impl.classic.CloseableHttpClient.execute(CloseableHttpClient.java:55)
	at org.apache.hc.client5.http.classic.HttpClient.executeOpen(HttpClient.java:183)
	at org.springframework.http.client.HttpComponentsClientHttpRequest.executeInternal(HttpComponentsClientHttpRequest.java:99)
	at org.springframework.http.client.AbstractStreamingClientHttpRequest.executeInternal(AbstractStreamingClientHttpRequest.java:70)
	at org.springframework.http.client.AbstractClientHttpRequest.execute(AbstractClientHttpRequest.java:66)
	at org.springframework.http.client.InterceptingClientHttpRequest$InterceptingRequestExecution.execute(InterceptingClientHttpRequest.java:112)
	at org.springframework.cloud.netflix.eureka.http.RestTemplateTransportClientFactory.lambda$restTemplate$3(RestTemplateTransportClientFactory.java:170)
	at org.springframework.http.client.InterceptingClientHttpRequest$InterceptingRequestExecution.execute(InterceptingClientHttpRequest.java:88)
	at org.springframework.http.client.InterceptingClientHttpRequest.executeInternal(InterceptingClientHttpRequest.java:72)
	at org.springframework.http.client.AbstractBufferingClientHttpRequest.executeInternal(AbstractBufferingClientHttpRequest.java:48)
	at org.springframework.http.client.AbstractClientHttpRequest.execute(AbstractClientHttpRequest.java:66)
	at org.springframework.web.client.RestTemplate.doExecute(RestTemplate.java:889)
	... 22 more

2026-07-16 15:43:05.647 [DiscoveryClient-InstanceInfoReplicator-%d] WARN  c.n.d.s.t.d.RetryableEurekaHttpClient - Request execution failed with message: I/O error on POST request for "http://localhost:8761/eureka/apps/EXAM-SERVICE": Connect to http://localhost:8761 [localhost/127.0.0.1, localhost/0:0:0:0:0:0:0:1] failed: Connection refused: getsockopt
2026-07-16 15:43:05.670 [RMI TCP Connection(244)-127.0.0.1] INFO  com.zaxxer.hikari.HikariDataSource - HikariPool-1 - Shutdown completed.
2026-07-16 15:43:05.674 [RMI TCP Connection(244)-127.0.0.1] INFO  c.netflix.discovery.DiscoveryClient - Shutting down DiscoveryClient ...
2026-07-16 15:43:05.647 [DiscoveryClient-InstanceInfoReplicator-%d] WARN  c.netflix.discovery.DiscoveryClient - DiscoveryClient_EXAM-SERVICE/LTIN708779.cts.com:exam-service:8083 - registration failed Cannot execute request on any known server
com.netflix.discovery.shared.transport.TransportException: Cannot execute request on any known server
	at com.netflix.discovery.shared.transport.decorator.RetryableEurekaHttpClient.execute(RetryableEurekaHttpClient.java:112)
	at com.netflix.discovery.shared.transport.decorator.EurekaHttpClientDecorator.register(EurekaHttpClientDecorator.java:56)
	at com.netflix.discovery.shared.transport.decorator.EurekaHttpClientDecorator$1.execute(EurekaHttpClientDecorator.java:59)
	at com.netflix.discovery.shared.transport.decorator.SessionedEurekaHttpClient.execute(SessionedEurekaHttpClient.java:76)
	at com.netflix.discovery.shared.transport.decorator.EurekaHttpClientDecorator.register(EurekaHttpClientDecorator.java:56)
	at com.netflix.discovery.DiscoveryClient.register(DiscoveryClient.java:828)
	at com.netflix.discovery.InstanceInfoReplicator.run(InstanceInfoReplicator.java:125)
	at com.netflix.discovery.InstanceInfoReplicator$2.run(InstanceInfoReplicator.java:105)
	at java.base/java.util.concurrent.Executors$RunnableAdapter.call(Executors.java:572)
	at java.base/java.util.concurrent.FutureTask.run(FutureTask.java:317)
	at java.base/java.util.concurrent.ScheduledThreadPoolExecutor$ScheduledFutureTask.run(ScheduledThreadPoolExecutor.java:304)
	at java.base/java.util.concurrent.ThreadPoolExecutor.runWorker(ThreadPoolExecutor.java:1144)
	at java.base/java.util.concurrent.ThreadPoolExecutor$Worker.run(ThreadPoolExecutor.java:642)
	at java.base/java.lang.Thread.run(Thread.java:1583)
2026-07-16 15:43:05.688 [DiscoveryClient-InstanceInfoReplicator-%d] WARN  c.n.discovery.InstanceInfoReplicator - There was a problem with the instance info replicator
com.netflix.discovery.shared.transport.TransportException: Cannot execute request on any known server
	at com.netflix.discovery.shared.transport.decorator.RetryableEurekaHttpClient.execute(RetryableEurekaHttpClient.java:112)
	at com.netflix.discovery.shared.transport.decorator.EurekaHttpClientDecorator.register(EurekaHttpClientDecorator.java:56)
	at com.netflix.discovery.shared.transport.decorator.EurekaHttpClientDecorator$1.execute(EurekaHttpClientDecorator.java:59)
	at com.netflix.discovery.shared.transport.decorator.SessionedEurekaHttpClient.execute(SessionedEurekaHttpClient.java:76)
	at com.netflix.discovery.shared.transport.decorator.EurekaHttpClientDecorator.register(EurekaHttpClientDecorator.java:56)
	at com.netflix.discovery.DiscoveryClient.register(DiscoveryClient.java:828)
	at com.netflix.discovery.InstanceInfoReplicator.run(InstanceInfoReplicator.java:125)
	at com.netflix.discovery.InstanceInfoReplicator$2.run(InstanceInfoReplicator.java:105)
	at java.base/java.util.concurrent.Executors$RunnableAdapter.call(Executors.java:572)
	at java.base/java.util.concurrent.FutureTask.run(FutureTask.java:317)
	at java.base/java.util.concurrent.ScheduledThreadPoolExecutor$ScheduledFutureTask.run(ScheduledThreadPoolExecutor.java:304)
	at java.base/java.util.concurrent.ThreadPoolExecutor.runWorker(ThreadPoolExecutor.java:1144)
	at java.base/java.util.concurrent.ThreadPoolExecutor$Worker.run(ThreadPoolExecutor.java:642)
	at java.base/java.lang.Thread.run(Thread.java:1583)
2026-07-16 15:43:05.691 [RMI TCP Connection(244)-127.0.0.1] INFO  c.netflix.discovery.DiscoveryClient - Unregistering ...
2026-07-16 15:43:05.762 [RMI TCP Connection(244)-127.0.0.1] INFO  c.n.d.s.t.d.RedirectingEurekaHttpClient - Request execution error. endpoint=DefaultEndpoint{ serviceUrl='http://localhost:8761/eureka/}, exception=I/O error on DELETE request for "http://localhost:8761/eureka/apps/EXAM-SERVICE/LTIN708779.cts.com:exam-service:8083": Connect to http://localhost:8761 [localhost/127.0.0.1, localhost/0:0:0:0:0:0:0:1] failed: Connection refused: getsockopt stacktrace=org.springframework.web.client.ResourceAccessException: I/O error on DELETE request for "http://localhost:8761/eureka/apps/EXAM-SERVICE/LTIN708779.cts.com:exam-service:8083": Connect to http://localhost:8761 [localhost/127.0.0.1, localhost/0:0:0:0:0:0:0:1] failed: Connection refused: getsockopt
	at org.springframework.web.client.RestTemplate.createResourceAccessException(RestTemplate.java:915)
	at org.springframework.web.client.RestTemplate.doExecute(RestTemplate.java:895)
	at org.springframework.web.client.RestTemplate.execute(RestTemplate.java:790)
	at org.springframework.web.client.RestTemplate.exchange(RestTemplate.java:672)
	at org.springframework.cloud.netflix.eureka.http.RestTemplateEurekaHttpClient.cancel(RestTemplateEurekaHttpClient.java:87)
	at com.netflix.discovery.shared.transport.decorator.EurekaHttpClientDecorator$2.execute(EurekaHttpClientDecorator.java:74)
	at com.netflix.discovery.shared.transport.decorator.RedirectingEurekaHttpClient.executeOnNewServer(RedirectingEurekaHttpClient.java:121)
	at com.netflix.discovery.shared.transport.decorator.RedirectingEurekaHttpClient.execute(RedirectingEurekaHttpClient.java:80)
	at com.netflix.discovery.shared.transport.decorator.EurekaHttpClientDecorator.cancel(EurekaHttpClientDecorator.java:71)
	at com.netflix.discovery.shared.transport.decorator.EurekaHttpClientDecorator$2.execute(EurekaHttpClientDecorator.java:74)
	at com.netflix.discovery.shared.transport.decorator.RetryableEurekaHttpClient.execute(RetryableEurekaHttpClient.java:120)
	at com.netflix.discovery.shared.transport.decorator.EurekaHttpClientDecorator.cancel(EurekaHttpClientDecorator.java:71)
	at com.netflix.discovery.shared.transport.decorator.EurekaHttpClientDecorator$2.execute(EurekaHttpClientDecorator.java:74)
	at com.netflix.discovery.shared.transport.decorator.SessionedEurekaHttpClient.execute(SessionedEurekaHttpClient.java:76)
	at com.netflix.discovery.shared.transport.decorator.EurekaHttpClientDecorator.cancel(EurekaHttpClientDecorator.java:71)
	at com.netflix.discovery.DiscoveryClient.unregister(DiscoveryClient.java:919)
	at com.netflix.discovery.DiscoveryClient.shutdown(DiscoveryClient.java:900)
	at java.base/jdk.internal.reflect.DirectMethodHandleAccessor.invoke(DirectMethodHandleAccessor.java:103)
	at java.base/java.lang.reflect.Method.invoke(Method.java:580)
	at org.springframework.beans.factory.annotation.InitDestroyAnnotationBeanPostProcessor$LifecycleMethod.invoke(InitDestroyAnnotationBeanPostProcessor.java:457)
	at org.springframework.beans.factory.annotation.InitDestroyAnnotationBeanPostProcessor$LifecycleMetadata.invokeDestroyMethods(InitDestroyAnnotationBeanPostProcessor.java:415)
	at org.springframework.beans.factory.annotation.InitDestroyAnnotationBeanPostProcessor.postProcessBeforeDestruction(InitDestroyAnnotationBeanPostProcessor.java:239)
	at org.springframework.beans.factory.support.DisposableBeanAdapter.destroy(DisposableBeanAdapter.java:202)
	at org.springframework.beans.factory.support.DisposableBeanAdapter.run(DisposableBeanAdapter.java:195)
	at org.springframework.cloud.context.scope.GenericScope$BeanLifecycleWrapper.destroy(GenericScope.java:389)
	at org.springframework.cloud.context.scope.GenericScope.destroy(GenericScope.java:136)
	at org.springframework.beans.factory.support.DisposableBeanAdapter.destroy(DisposableBeanAdapter.java:211)
	at org.springframework.beans.factory.support.DefaultSingletonBeanRegistry.destroyBean(DefaultSingletonBeanRegistry.java:587)
	at org.springframework.beans.factory.support.DefaultSingletonBeanRegistry.destroySingleton(DefaultSingletonBeanRegistry.java:559)
	at org.springframework.beans.factory.support.DefaultListableBeanFactory.destroySingleton(DefaultListableBeanFactory.java:1202)
	at org.springframework.beans.factory.support.DefaultSingletonBeanRegistry.destroySingletons(DefaultSingletonBeanRegistry.java:520)
	at org.springframework.beans.factory.support.DefaultListableBeanFactory.destroySingletons(DefaultListableBeanFactory.java:1195)
	at org.springframework.context.support.AbstractApplicationContext.destroyBeans(AbstractApplicationContext.java:1195)
	at org.springframework.context.support.AbstractApplicationContext.doClose(AbstractApplicationContext.java:1156)
	at org.springframework.boot.web.servlet.context.ServletWebServerApplicationContext.doClose(ServletWebServerApplicationContext.java:174)
	at org.springframework.context.support.AbstractApplicationContext.close(AbstractApplicationContext.java:1102)
	at org.springframework.boot.admin.SpringApplicationAdminMXBeanRegistrar$SpringApplicationAdmin.shutdown(SpringApplicationAdminMXBeanRegistrar.java:160)
	at java.base/jdk.internal.reflect.DirectMethodHandleAccessor.invoke(DirectMethodHandleAccessor.java:103)
	at java.base/java.lang.reflect.Method.invoke(Method.java:580)
	at sun.reflect.misc.Trampoline.invoke(MethodUtil.java:64)
	at java.base/jdk.internal.reflect.DirectMethodHandleAccessor.invoke(DirectMethodHandleAccessor.java:103)
	at java.base/java.lang.reflect.Method.invoke(Method.java:580)
	at java.base/sun.reflect.misc.MethodUtil.invoke(MethodUtil.java:97)
	at java.management/com.sun.jmx.mbeanserver.ConvertingMethod.invokeWithOpenReturn(ConvertingMethod.java:193)
	at java.management/com.sun.jmx.mbeanserver.ConvertingMethod.invokeWithOpenReturn(ConvertingMethod.java:175)
	at java.management/com.sun.jmx.mbeanserver.MXBeanIntrospector.invokeM2(MXBeanIntrospector.java:115)
	at java.management/com.sun.jmx.mbeanserver.MXBeanIntrospector.invokeM2(MXBeanIntrospector.java:52)
	at java.management/com.sun.jmx.mbeanserver.MBeanIntrospector.invokeM(MBeanIntrospector.java:236)
	at java.management/com.sun.jmx.mbeanserver.PerInterface.invoke(PerInterface.java:138)
	at java.management/com.sun.jmx.mbeanserver.MBeanSupport.invoke(MBeanSupport.java:252)
	at java.management/com.sun.jmx.interceptor.DefaultMBeanServerInterceptor.invoke(DefaultMBeanServerInterceptor.java:803)
	at java.management/com.sun.jmx.mbeanserver.JmxMBeanServer.invoke(JmxMBeanServer.java:802)
	at java.management.rmi/javax.management.remote.rmi.RMIConnectionImpl.doOperation(RMIConnectionImpl.java:1472)
	at java.management.rmi/javax.management.remote.rmi.RMIConnectionImpl$PrivilegedOperation.run(RMIConnectionImpl.java:1310)
	at java.management.rmi/javax.management.remote.rmi.RMIConnectionImpl.doPrivilegedOperation(RMIConnectionImpl.java:1405)
	at java.management.rmi/javax.management.remote.rmi.RMIConnectionImpl.invoke(RMIConnectionImpl.java:829)
	at java.base/jdk.internal.reflect.DirectMethodHandleAccessor.invoke(DirectMethodHandleAccessor.java:103)
	at java.base/java.lang.reflect.Method.invoke(Method.java:580)
	at java.rmi/sun.rmi.server.UnicastServerRef.dispatch(UnicastServerRef.java:360)
	at java.rmi/sun.rmi.transport.Transport$1.run(Transport.java:200)
	at java.rmi/sun.rmi.transport.Transport$1.run(Transport.java:197)
	at java.base/java.security.AccessController.doPrivileged(AccessController.java:714)
	at java.rmi/sun.rmi.transport.Transport.serviceCall(Transport.java:196)
	at java.rmi/sun.rmi.transport.tcp.TCPTransport.handleMessages(TCPTransport.java:598)
	at java.rmi/sun.rmi.transport.tcp.TCPTransport$ConnectionHandler.run0(TCPTransport.java:844)
	at java.rmi/sun.rmi.transport.tcp.TCPTransport$ConnectionHandler.lambda$run$0(TCPTransport.java:721)
	at java.base/java.security.AccessController.doPrivileged(AccessController.java:400)
	at java.rmi/sun.rmi.transport.tcp.TCPTransport$ConnectionHandler.run(TCPTransport.java:720)
	at java.base/java.util.concurrent.ThreadPoolExecutor.runWorker(ThreadPoolExecutor.java:1144)
	at java.base/java.util.concurrent.ThreadPoolExecutor$Worker.run(ThreadPoolExecutor.java:642)
	at java.base/java.lang.Thread.run(Thread.java:1583)
Caused by: org.apache.hc.client5.http.HttpHostConnectException: Connect to http://localhost:8761 [localhost/127.0.0.1, localhost/0:0:0:0:0:0:0:1] failed: Connection refused: getsockopt
	at java.base/sun.nio.ch.Net.pollConnect(Native Method)
	at java.base/sun.nio.ch.Net.pollConnectNow(Net.java:682)
	at java.base/sun.nio.ch.NioSocketImpl.timedFinishConnect(NioSocketImpl.java:542)
	at java.base/sun.nio.ch.NioSocketImpl.connect(NioSocketImpl.java:592)
	at java.base/java.net.SocksSocketImpl.connect(SocksSocketImpl.java:327)
	at java.base/java.net.Socket.connect(Socket.java:751)
	at org.apache.hc.client5.http.socket.PlainConnectionSocketFactory.lambda$connectSocket$0(PlainConnectionSocketFactory.java:91)
	at java.base/java.security.AccessController.doPrivileged(AccessController.java:571)
	at org.apache.hc.client5.http.socket.PlainConnectionSocketFactory.connectSocket(PlainConnectionSocketFactory.java:90)
	at org.apache.hc.client5.http.socket.ConnectionSocketFactory.connectSocket(ConnectionSocketFactory.java:123)
	at org.apache.hc.client5.http.impl.io.DefaultHttpClientConnectionOperator.connect(DefaultHttpClientConnectionOperator.java:189)
	at org.apache.hc.client5.http.impl.io.PoolingHttpClientConnectionManager.connect(PoolingHttpClientConnectionManager.java:450)
	at org.apache.hc.client5.http.impl.classic.InternalExecRuntime.connectEndpoint(InternalExecRuntime.java:162)
	at org.apache.hc.client5.http.impl.classic.InternalExecRuntime.connectEndpoint(InternalExecRuntime.java:172)
	at org.apache.hc.client5.http.impl.classic.ConnectExec.execute(ConnectExec.java:142)
	at org.apache.hc.client5.http.impl.classic.ExecChainElement.execute(ExecChainElement.java:51)
	at org.apache.hc.client5.http.impl.classic.ProtocolExec.execute(ProtocolExec.java:192)
	at org.apache.hc.client5.http.impl.classic.ExecChainElement.execute(ExecChainElement.java:51)
	at org.apache.hc.client5.http.impl.classic.HttpRequestRetryExec.execute(HttpRequestRetryExec.java:113)
	at org.apache.hc.client5.http.impl.classic.ExecChainElement.execute(ExecChainElement.java:51)
	at org.apache.hc.client5.http.impl.classic.ContentCompressionExec.execute(ContentCompressionExec.java:152)
	at org.apache.hc.client5.http.impl.classic.ExecChainElement.execute(ExecChainElement.java:51)
	at org.apache.hc.client5.http.impl.classic.RedirectExec.execute(RedirectExec.java:116)
	at org.apache.hc.client5.http.impl.classic.ExecChainElement.execute(ExecChainElement.java:51)
	at org.apache.hc.client5.http.impl.classic.InternalHttpClient.doExecute(InternalHttpClient.java:170)
	at org.apache.hc.client5.http.impl.classic.CloseableHttpClient.execute(CloseableHttpClient.java:87)
	at org.apache.hc.client5.http.impl.classic.CloseableHttpClient.execute(CloseableHttpClient.java:55)
	at org.apache.hc.client5.http.classic.HttpClient.executeOpen(HttpClient.java:183)
	at org.springframework.http.client.HttpComponentsClientHttpRequest.executeInternal(HttpComponentsClientHttpRequest.java:99)
	at org.springframework.http.client.AbstractStreamingClientHttpRequest.executeInternal(AbstractStreamingClientHttpRequest.java:70)
	at org.springframework.http.client.AbstractClientHttpRequest.execute(AbstractClientHttpRequest.java:66)
	at org.springframework.http.client.InterceptingClientHttpRequest$InterceptingRequestExecution.execute(InterceptingClientHttpRequest.java:112)
	at org.springframework.cloud.netflix.eureka.http.RestTemplateTransportClientFactory.lambda$restTemplate$3(RestTemplateTransportClientFactory.java:170)
	at org.springframework.http.client.InterceptingClientHttpRequest$InterceptingRequestExecution.execute(InterceptingClientHttpRequest.java:88)
	at org.springframework.http.client.InterceptingClientHttpRequest.executeInternal(InterceptingClientHttpRequest.java:72)
	at org.springframework.http.client.AbstractBufferingClientHttpRequest.executeInternal(AbstractBufferingClientHttpRequest.java:48)
	at org.springframework.http.client.AbstractClientHttpRequest.execute(AbstractClientHttpRequest.java:66)
	at org.springframework.web.client.RestTemplate.doExecute(RestTemplate.java:889)
	... 69 more

2026-07-16 15:43:05.763 [RMI TCP Connection(244)-127.0.0.1] WARN  c.n.d.s.t.d.RetryableEurekaHttpClient - Request execution failed with message: I/O error on DELETE request for "http://localhost:8761/eureka/apps/EXAM-SERVICE/LTIN708779.cts.com:exam-service:8083": Connect to http://localhost:8761 [localhost/127.0.0.1, localhost/0:0:0:0:0:0:0:1] failed: Connection refused: getsockopt
2026-07-16 15:43:05.763 [RMI TCP Connection(244)-127.0.0.1] ERROR c.netflix.discovery.DiscoveryClient - DiscoveryClient_EXAM-SERVICE/LTIN708779.cts.com:exam-service:8083 - de-registration failedCannot execute request on any known server
com.netflix.discovery.shared.transport.TransportException: Cannot execute request on any known server
	at com.netflix.discovery.shared.transport.decorator.RetryableEurekaHttpClient.execute(RetryableEurekaHttpClient.java:112)
	at com.netflix.discovery.shared.transport.decorator.EurekaHttpClientDecorator.cancel(EurekaHttpClientDecorator.java:71)
	at com.netflix.discovery.shared.transport.decorator.EurekaHttpClientDecorator$2.execute(EurekaHttpClientDecorator.java:74)
	at com.netflix.discovery.shared.transport.decorator.SessionedEurekaHttpClient.execute(SessionedEurekaHttpClient.java:76)
	at com.netflix.discovery.shared.transport.decorator.EurekaHttpClientDecorator.cancel(EurekaHttpClientDecorator.java:71)
	at com.netflix.discovery.DiscoveryClient.unregister(DiscoveryClient.java:919)
	at com.netflix.discovery.DiscoveryClient.shutdown(DiscoveryClient.java:900)
	at java.base/jdk.internal.reflect.DirectMethodHandleAccessor.invoke(DirectMethodHandleAccessor.java:103)
	at java.base/java.lang.reflect.Method.invoke(Method.java:580)
	at org.springframework.beans.factory.annotation.InitDestroyAnnotationBeanPostProcessor$LifecycleMethod.invoke(InitDestroyAnnotationBeanPostProcessor.java:457)
	at org.springframework.beans.factory.annotation.InitDestroyAnnotationBeanPostProcessor$LifecycleMetadata.invokeDestroyMethods(InitDestroyAnnotationBeanPostProcessor.java:415)
	at org.springframework.beans.factory.annotation.InitDestroyAnnotationBeanPostProcessor.postProcessBeforeDestruction(InitDestroyAnnotationBeanPostProcessor.java:239)
	at org.springframework.beans.factory.support.DisposableBeanAdapter.destroy(DisposableBeanAdapter.java:202)
	at org.springframework.beans.factory.support.DisposableBeanAdapter.run(DisposableBeanAdapter.java:195)
	at org.springframework.cloud.context.scope.GenericScope$BeanLifecycleWrapper.destroy(GenericScope.java:389)
	at org.springframework.cloud.context.scope.GenericScope.destroy(GenericScope.java:136)
	at org.springframework.beans.factory.support.DisposableBeanAdapter.destroy(DisposableBeanAdapter.java:211)
	at org.springframework.beans.factory.support.DefaultSingletonBeanRegistry.destroyBean(DefaultSingletonBeanRegistry.java:587)
	at org.springframework.beans.factory.support.DefaultSingletonBeanRegistry.destroySingleton(DefaultSingletonBeanRegistry.java:559)
	at org.springframework.beans.factory.support.DefaultListableBeanFactory.destroySingleton(DefaultListableBeanFactory.java:1202)
	at org.springframework.beans.factory.support.DefaultSingletonBeanRegistry.destroySingletons(DefaultSingletonBeanRegistry.java:520)
	at org.springframework.beans.factory.support.DefaultListableBeanFactory.destroySingletons(DefaultListableBeanFactory.java:1195)
	at org.springframework.context.support.AbstractApplicationContext.destroyBeans(AbstractApplicationContext.java:1195)
	at org.springframework.context.support.AbstractApplicationContext.doClose(AbstractApplicationContext.java:1156)
	at org.springframework.boot.web.servlet.context.ServletWebServerApplicationContext.doClose(ServletWebServerApplicationContext.java:174)
	at org.springframework.context.support.AbstractApplicationContext.close(AbstractApplicationContext.java:1102)
	at org.springframework.boot.admin.SpringApplicationAdminMXBeanRegistrar$SpringApplicationAdmin.shutdown(SpringApplicationAdminMXBeanRegistrar.java:160)
	at java.base/jdk.internal.reflect.DirectMethodHandleAccessor.invoke(DirectMethodHandleAccessor.java:103)
	at java.base/java.lang.reflect.Method.invoke(Method.java:580)
	at sun.reflect.misc.Trampoline.invoke(MethodUtil.java:64)
	at java.base/jdk.internal.reflect.DirectMethodHandleAccessor.invoke(DirectMethodHandleAccessor.java:103)
	at java.base/java.lang.reflect.Method.invoke(Method.java:580)
	at java.base/sun.reflect.misc.MethodUtil.invoke(MethodUtil.java:97)
	at java.management/com.sun.jmx.mbeanserver.ConvertingMethod.invokeWithOpenReturn(ConvertingMethod.java:193)
	at java.management/com.sun.jmx.mbeanserver.ConvertingMethod.invokeWithOpenReturn(ConvertingMethod.java:175)
	at java.management/com.sun.jmx.mbeanserver.MXBeanIntrospector.invokeM2(MXBeanIntrospector.java:115)
	at java.management/com.sun.jmx.mbeanserver.MXBeanIntrospector.invokeM2(MXBeanIntrospector.java:52)
	at java.management/com.sun.jmx.mbeanserver.MBeanIntrospector.invokeM(MBeanIntrospector.java:236)
	at java.management/com.sun.jmx.mbeanserver.PerInterface.invoke(PerInterface.java:138)
	at java.management/com.sun.jmx.mbeanserver.MBeanSupport.invoke(MBeanSupport.java:252)
	at java.management/com.sun.jmx.interceptor.DefaultMBeanServerInterceptor.invoke(DefaultMBeanServerInterceptor.java:803)
	at java.management/com.sun.jmx.mbeanserver.JmxMBeanServer.invoke(JmxMBeanServer.java:802)
	at java.management.rmi/javax.management.remote.rmi.RMIConnectionImpl.doOperation(RMIConnectionImpl.java:1472)
	at java.management.rmi/javax.management.remote.rmi.RMIConnectionImpl$PrivilegedOperation.run(RMIConnectionImpl.java:1310)
	at java.management.rmi/javax.management.remote.rmi.RMIConnectionImpl.doPrivilegedOperation(RMIConnectionImpl.java:1405)
	at java.management.rmi/javax.management.remote.rmi.RMIConnectionImpl.invoke(RMIConnectionImpl.java:829)
	at java.base/jdk.internal.reflect.DirectMethodHandleAccessor.invoke(DirectMethodHandleAccessor.java:103)
	at java.base/java.lang.reflect.Method.invoke(Method.java:580)
	at java.rmi/sun.rmi.server.UnicastServerRef.dispatch(UnicastServerRef.java:360)
	at java.rmi/sun.rmi.transport.Transport$1.run(Transport.java:200)
	at java.rmi/sun.rmi.transport.Transport$1.run(Transport.java:197)
	at java.base/java.security.AccessController.doPrivileged(AccessController.java:714)
	at java.rmi/sun.rmi.transport.Transport.serviceCall(Transport.java:196)
	at java.rmi/sun.rmi.transport.tcp.TCPTransport.handleMessages(TCPTransport.java:598)
	at java.rmi/sun.rmi.transport.tcp.TCPTransport$ConnectionHandler.run0(TCPTransport.java:844)
	at java.rmi/sun.rmi.transport.tcp.TCPTransport$ConnectionHandler.lambda$run$0(TCPTransport.java:721)
	at java.base/java.security.AccessController.doPrivileged(AccessController.java:400)
	at java.rmi/sun.rmi.transport.tcp.TCPTransport$ConnectionHandler.run(TCPTransport.java:720)
	at java.base/java.util.concurrent.ThreadPoolExecutor.runWorker(ThreadPoolExecutor.java:1144)
	at java.base/java.util.concurrent.ThreadPoolExecutor$Worker.run(ThreadPoolExecutor.java:642)
	at java.base/java.lang.Thread.run(Thread.java:1583)
2026-07-16 15:43:05.776 [RMI TCP Connection(244)-127.0.0.1] INFO  c.netflix.discovery.DiscoveryClient - Completed shut down of DiscoveryClient
