2026-07-16 08:49:23.415 [main] INFO  c.c.a.AnalyticsServiceApplication - Starting AnalyticsServiceApplication using Java 21.0.8 with PID 34692 (C:\Users\2507300\Downloads\Project\Project\Project\microservices\analytics-service\target\classes started by 2507300 in C:\Users\2507300\Downloads\Project\Project\Project\microservices\analytics-service)
2026-07-16 08:49:23.464 [main] INFO  c.c.a.AnalyticsServiceApplication - No active profile set, falling back to 1 default profile: "default"
2026-07-16 08:49:23.607 [main] INFO  o.s.c.c.c.ConfigServerConfigDataLoader - Fetching config from server at : http://localhost:8888
2026-07-16 08:49:23.607 [main] INFO  o.s.c.c.c.ConfigServerConfigDataLoader - Located environment: name=analytics-service, profiles=[default], label=null, version=null, state=null
2026-07-16 08:49:27.492 [main] INFO  o.s.d.r.c.RepositoryConfigurationDelegate - Bootstrapping Spring Data JPA repositories in DEFAULT mode.
2026-07-16 08:49:28.134 [main] INFO  o.s.d.r.c.RepositoryConfigurationDelegate - Finished Spring Data repository scanning in 619 ms. Found 1 JPA repository interface.
2026-07-16 08:49:29.311 [main] INFO  o.s.cloud.context.scope.GenericScope - BeanFactory id=ac174c2e-f4c6-3c34-ba70-bc66ef994392
2026-07-16 08:49:30.651 [main] WARN  o.s.c.s.PostProcessorRegistrationDelegate$BeanPostProcessorChecker - Bean 'org.springframework.cloud.client.loadbalancer.LoadBalancerAutoConfiguration$DeferringLoadBalancerInterceptorConfig' of type [org.springframework.cloud.client.loadbalancer.LoadBalancerAutoConfiguration$DeferringLoadBalancerInterceptorConfig] is not eligible for getting processed by all BeanPostProcessors (for example: not eligible for auto-proxying). The currently created BeanPostProcessor [lbRestClientPostProcessor] is declared through a non-static factory method on that class; consider declaring it as static instead.
2026-07-16 08:49:30.670 [main] WARN  o.s.c.s.PostProcessorRegistrationDelegate$BeanPostProcessorChecker - Bean 'deferringLoadBalancerInterceptor' of type [org.springframework.cloud.client.loadbalancer.DeferringLoadBalancerInterceptor] is not eligible for getting processed by all BeanPostProcessors (for example: not eligible for auto-proxying). Is this bean getting eagerly injected/applied to a currently created BeanPostProcessor [lbRestClientPostProcessor]? Check the corresponding BeanPostProcessor declaration and its dependencies/advisors. If this bean does not have to be post-processed, declare it with ROLE_INFRASTRUCTURE.
2026-07-16 08:49:31.928 [main] INFO  o.s.b.w.e.tomcat.TomcatWebServer - Tomcat initialized with port 8087 (http)
2026-07-16 08:49:31.973 [main] INFO  o.a.catalina.core.StandardService - Starting service [Tomcat]
2026-07-16 08:49:31.974 [main] INFO  o.a.catalina.core.StandardEngine - Starting Servlet engine: [Apache Tomcat/10.1.31]
2026-07-16 08:49:32.339 [main] INFO  o.a.c.c.C.[Tomcat].[localhost].[/] - Initializing Spring embedded WebApplicationContext
2026-07-16 08:49:32.340 [main] INFO  o.s.b.w.s.c.ServletWebServerApplicationContext - Root WebApplicationContext: initialization completed in 8725 ms
2026-07-16 08:49:34.253 [main] INFO  o.h.jpa.internal.util.LogHelper - HHH000204: Processing PersistenceUnitInfo [name: default]
2026-07-16 08:49:34.592 [main] INFO  org.hibernate.Version - HHH000412: Hibernate ORM core version 6.5.3.Final
2026-07-16 08:49:34.731 [main] INFO  o.h.c.i.RegionFactoryInitiator - HHH000026: Second-level cache disabled
2026-07-16 08:49:35.811 [main] INFO  o.s.o.j.p.SpringPersistenceUnitInfo - No LoadTimeWeaver setup: ignoring JPA class transformer
2026-07-16 08:49:35.927 [main] INFO  com.zaxxer.hikari.HikariDataSource - HikariPool-1 - Starting...
2026-07-16 08:49:36.440 [main] INFO  com.zaxxer.hikari.pool.HikariPool - HikariPool-1 - Added connection com.mysql.cj.jdbc.ConnectionImpl@4a0fc665
2026-07-16 08:49:36.447 [main] INFO  com.zaxxer.hikari.HikariDataSource - HikariPool-1 - Start completed.
2026-07-16 08:49:39.692 [main] INFO  o.h.e.t.j.p.i.JtaPlatformInitiator - HHH000489: No JTA platform available (set 'hibernate.transaction.jta.platform' to enable JTA platform integration)
2026-07-16 08:49:39.871 [main] INFO  o.s.o.j.LocalContainerEntityManagerFactoryBean - Initialized JPA EntityManagerFactory for persistence unit 'default'
2026-07-16 08:49:40.695 [main] INFO  o.s.c.o.FeignClientFactoryBean - For 'candidate-service' URL not provided. Will try picking an instance via load-balancing.
2026-07-16 08:49:42.611 [main] WARN  o.s.b.a.s.s.UserDetailsServiceAutoConfiguration - 

Using generated security password: e4ea97b4-57fd-419d-bdd5-f8b0260d5277

This generated password is for development use only. Your security configuration must be updated before running your application in production.

2026-07-16 08:49:42.677 [main] INFO  o.s.s.c.a.a.c.InitializeUserDetailsBeanManagerConfigurer$InitializeUserDetailsManagerConfigurer - Global AuthenticationManager configured with UserDetailsService bean with name inMemoryUserDetailsManager
2026-07-16 08:49:45.345 [main] INFO  o.s.b.a.e.web.EndpointLinksResolver - Exposing 4 endpoints beneath base path '/actuator'
2026-07-16 08:49:48.102 [main] INFO  o.s.c.n.e.c.DiscoveryClientOptionalArgsConfiguration - Eureka HTTP Client uses RestTemplate.
2026-07-16 08:49:48.311 [main] WARN  o.s.c.l.c.LoadBalancerCacheAutoConfiguration$LoadBalancerCaffeineWarnLogger - Spring Cloud LoadBalancer is currently working with the default cache. While this cache implementation is useful for development and tests, it's recommended to use Caffeine cache in production.You can switch to using Caffeine cache, by adding it and org.springframework.cache.caffeine.CaffeineCacheManager to the classpath.
2026-07-16 08:49:48.601 [main] INFO  o.s.c.n.eureka.InstanceInfoFactory - Setting initial instance status as: STARTING
2026-07-16 08:49:48.705 [main] INFO  c.netflix.discovery.DiscoveryClient - Initializing Eureka in region us-east-1
2026-07-16 08:49:48.721 [main] INFO  c.n.d.s.r.aws.ConfigClusterResolver - Resolving eureka endpoints via configuration
2026-07-16 08:49:48.758 [main] INFO  c.netflix.discovery.DiscoveryClient - Disable delta property : false
2026-07-16 08:49:48.759 [main] INFO  c.netflix.discovery.DiscoveryClient - Single vip registry refresh property : null
2026-07-16 08:49:48.760 [main] INFO  c.netflix.discovery.DiscoveryClient - Force full registry fetch : false
2026-07-16 08:49:48.760 [main] INFO  c.netflix.discovery.DiscoveryClient - Application is null : false
2026-07-16 08:49:48.761 [main] INFO  c.netflix.discovery.DiscoveryClient - Registered Applications size is zero : true
2026-07-16 08:49:48.761 [main] INFO  c.netflix.discovery.DiscoveryClient - Application version is -1: true
2026-07-16 08:49:48.761 [main] INFO  c.netflix.discovery.DiscoveryClient - Getting all instance registry info from the eureka server
2026-07-16 08:49:49.726 [main] INFO  c.netflix.discovery.DiscoveryClient - The response status is 200
2026-07-16 08:49:49.730 [main] INFO  c.netflix.discovery.DiscoveryClient - Starting heartbeat executor: renew interval is: 30
2026-07-16 08:49:49.737 [main] INFO  c.n.discovery.InstanceInfoReplicator - InstanceInfoReplicator onDemand update allowed rate per min is 4
2026-07-16 08:49:49.742 [main] INFO  c.netflix.discovery.DiscoveryClient - Discovery Client initialized at timestamp 1784171989741 with initial instances count: 4
2026-07-16 08:49:49.775 [main] INFO  o.s.c.n.e.s.EurekaServiceRegistry - Registering application ANALYTICS-SERVICE with eureka with status UP
2026-07-16 08:49:49.777 [main] INFO  c.netflix.discovery.DiscoveryClient - Saw local status change event StatusChangeEvent [timestamp=1784171989777, current=UP, previous=STARTING]
2026-07-16 08:49:49.781 [DiscoveryClient-InstanceInfoReplicator-%d] INFO  c.netflix.discovery.DiscoveryClient - DiscoveryClient_ANALYTICS-SERVICE/LTIN708779.cts.com:analytics-service:8087: registering service...
2026-07-16 08:49:49.838 [main] INFO  o.s.b.w.e.tomcat.TomcatWebServer - Tomcat started on port 8087 (http) with context path '/'
2026-07-16 08:49:49.839 [main] INFO  o.s.c.n.e.s.EurekaAutoServiceRegistration - Updating port to 8087
2026-07-16 08:49:49.878 [main] INFO  c.c.a.AnalyticsServiceApplication - Started AnalyticsServiceApplication in 29.978 seconds (process running for 31.936)
2026-07-16 08:49:49.887 [DiscoveryClient-InstanceInfoReplicator-%d] INFO  c.netflix.discovery.DiscoveryClient - DiscoveryClient_ANALYTICS-SERVICE/LTIN708779.cts.com:analytics-service:8087 - registration status: 204
2026-07-16 08:49:50.780 [RMI TCP Connection(10)-127.0.0.1] INFO  o.a.c.c.C.[Tomcat].[localhost].[/] - Initializing Spring DispatcherServlet 'dispatcherServlet'
2026-07-16 08:49:50.781 [RMI TCP Connection(10)-127.0.0.1] INFO  o.s.web.servlet.DispatcherServlet - Initializing Servlet 'dispatcherServlet'
2026-07-16 08:49:50.785 [RMI TCP Connection(10)-127.0.0.1] INFO  o.s.web.servlet.DispatcherServlet - Completed initialization in 4 ms
2026-07-16 08:54:48.764 [AsyncResolver-bootstrap-executor-%d] INFO  c.n.d.s.r.aws.ConfigClusterResolver - Resolving eureka endpoints via configuration
2026-07-16 08:59:48.781 [AsyncResolver-bootstrap-executor-%d] INFO  c.n.d.s.r.aws.ConfigClusterResolver - Resolving eureka endpoints via configuration
2026-07-16 09:04:48.790 [AsyncResolver-bootstrap-executor-%d] INFO  c.n.d.s.r.aws.ConfigClusterResolver - Resolving eureka endpoints via configuration
2026-07-16 09:15:47.902 [HikariPool-1 housekeeper] WARN  com.zaxxer.hikari.pool.HikariPool - HikariPool-1 - Thread starvation or clock leap detected (housekeeper delta=9m41s90ms237µs700ns).
2026-07-16 09:18:59.880 [AsyncResolver-bootstrap-executor-%d] INFO  c.n.d.s.r.aws.ConfigClusterResolver - Resolving eureka endpoints via configuration
2026-07-16 09:23:59.885 [AsyncResolver-bootstrap-executor-%d] INFO  c.n.d.s.r.aws.ConfigClusterResolver - Resolving eureka endpoints via configuration
2026-07-16 09:28:59.891 [AsyncResolver-bootstrap-executor-%d] INFO  c.n.d.s.r.aws.ConfigClusterResolver - Resolving eureka endpoints via configuration
2026-07-16 09:33:59.893 [AsyncResolver-bootstrap-executor-%d] INFO  c.n.d.s.r.aws.ConfigClusterResolver - Resolving eureka endpoints via configuration
2026-07-16 09:38:59.898 [AsyncResolver-bootstrap-executor-%d] INFO  c.n.d.s.r.aws.ConfigClusterResolver - Resolving eureka endpoints via configuration
2026-07-16 09:43:59.906 [AsyncResolver-bootstrap-executor-%d] INFO  c.n.d.s.r.aws.ConfigClusterResolver - Resolving eureka endpoints via configuration
2026-07-16 09:48:59.912 [AsyncResolver-bootstrap-executor-%d] INFO  c.n.d.s.r.aws.ConfigClusterResolver - Resolving eureka endpoints via configuration
2026-07-16 09:53:59.924 [AsyncResolver-bootstrap-executor-%d] INFO  c.n.d.s.r.aws.ConfigClusterResolver - Resolving eureka endpoints via configuration
2026-07-16 09:58:59.953 [AsyncResolver-bootstrap-executor-%d] INFO  c.n.d.s.r.aws.ConfigClusterResolver - Resolving eureka endpoints via configuration
2026-07-16 10:03:59.971 [AsyncResolver-bootstrap-executor-%d] INFO  c.n.d.s.r.aws.ConfigClusterResolver - Resolving eureka endpoints via configuration
2026-07-16 10:08:59.983 [AsyncResolver-bootstrap-executor-%d] INFO  c.n.d.s.r.aws.ConfigClusterResolver - Resolving eureka endpoints via configuration
2026-07-16 10:13:59.987 [AsyncResolver-bootstrap-executor-%d] INFO  c.n.d.s.r.aws.ConfigClusterResolver - Resolving eureka endpoints via configuration
2026-07-16 10:15:15.281 [HikariPool-1 housekeeper] WARN  com.zaxxer.hikari.pool.HikariPool - HikariPool-1 - Thread starvation or clock leap detected (housekeeper delta=56s382ms53µs).
2026-07-16 10:43:01.845 [HikariPool-1 housekeeper] WARN  com.zaxxer.hikari.pool.HikariPool - HikariPool-1 - Thread starvation or clock leap detected (housekeeper delta=27m16s554ms875µs200ns).
2026-07-16 10:46:12.910 [AsyncResolver-bootstrap-executor-%d] INFO  c.n.d.s.r.aws.ConfigClusterResolver - Resolving eureka endpoints via configuration
2026-07-16 10:51:21.332 [AsyncResolver-bootstrap-executor-%d] INFO  c.n.d.s.r.aws.ConfigClusterResolver - Resolving eureka endpoints via configuration
2026-07-16 10:52:06.869 [HikariPool-1 housekeeper] WARN  com.zaxxer.hikari.pool.HikariPool - HikariPool-1 - Thread starvation or clock leap detected (housekeeper delta=56s446ms352µs).
2026-07-16 10:56:47.788 [AsyncResolver-bootstrap-executor-%d] INFO  c.n.d.s.r.aws.ConfigClusterResolver - Resolving eureka endpoints via configuration
2026-07-16 12:34:04.687 [HikariPool-1 housekeeper] WARN  com.zaxxer.hikari.pool.HikariPool - HikariPool-1 - Thread starvation or clock leap detected (housekeeper delta=1h37m27s738ms94µs900ns).
2026-07-16 14:02:48.821 [HikariPool-1 housekeeper] WARN  com.zaxxer.hikari.pool.HikariPool - HikariPool-1 - Thread starvation or clock leap detected (housekeeper delta=1h28m44s135ms437µs900ns).
2026-07-16 14:06:35.083 [AsyncResolver-bootstrap-executor-%d] INFO  c.n.d.s.r.aws.ConfigClusterResolver - Resolving eureka endpoints via configuration
2026-07-16 14:11:35.090 [AsyncResolver-bootstrap-executor-%d] INFO  c.n.d.s.r.aws.ConfigClusterResolver - Resolving eureka endpoints via configuration
2026-07-16 14:16:35.093 [AsyncResolver-bootstrap-executor-%d] INFO  c.n.d.s.r.aws.ConfigClusterResolver - Resolving eureka endpoints via configuration
2026-07-16 14:21:35.099 [AsyncResolver-bootstrap-executor-%d] INFO  c.n.d.s.r.aws.ConfigClusterResolver - Resolving eureka endpoints via configuration
2026-07-16 14:26:35.141 [AsyncResolver-bootstrap-executor-%d] INFO  c.n.d.s.r.aws.ConfigClusterResolver - Resolving eureka endpoints via configuration
2026-07-16 14:31:35.149 [AsyncResolver-bootstrap-executor-%d] INFO  c.n.d.s.r.aws.ConfigClusterResolver - Resolving eureka endpoints via configuration
2026-07-16 14:47:53.881 [HikariPool-1 housekeeper] WARN  com.zaxxer.hikari.pool.HikariPool - HikariPool-1 - Thread starvation or clock leap detected (housekeeper delta=12m29s324ms230µs500ns).
2026-07-16 14:48:34.466 [AsyncResolver-bootstrap-executor-%d] INFO  c.n.d.s.r.aws.ConfigClusterResolver - Resolving eureka endpoints via configuration
2026-07-16 15:04:30.731 [HikariPool-1 housekeeper] WARN  com.zaxxer.hikari.pool.HikariPool - HikariPool-1 - Thread starvation or clock leap detected (housekeeper delta=14m6s782ms382µs200ns).
2026-07-16 15:07:11.227 [AsyncResolver-bootstrap-executor-%d] INFO  c.n.d.s.r.aws.ConfigClusterResolver - Resolving eureka endpoints via configuration
2026-07-16 15:12:11.245 [AsyncResolver-bootstrap-executor-%d] INFO  c.n.d.s.r.aws.ConfigClusterResolver - Resolving eureka endpoints via configuration
2026-07-16 15:17:11.257 [AsyncResolver-bootstrap-executor-%d] INFO  c.n.d.s.r.aws.ConfigClusterResolver - Resolving eureka endpoints via configuration
2026-07-16 15:22:11.270 [AsyncResolver-bootstrap-executor-%d] INFO  c.n.d.s.r.aws.ConfigClusterResolver - Resolving eureka endpoints via configuration
2026-07-16 15:27:11.274 [AsyncResolver-bootstrap-executor-%d] INFO  c.n.d.s.r.aws.ConfigClusterResolver - Resolving eureka endpoints via configuration
2026-07-16 15:32:11.290 [AsyncResolver-bootstrap-executor-%d] INFO  c.n.d.s.r.aws.ConfigClusterResolver - Resolving eureka endpoints via configuration
2026-07-16 15:37:11.305 [AsyncResolver-bootstrap-executor-%d] INFO  c.n.d.s.r.aws.ConfigClusterResolver - Resolving eureka endpoints via configuration
2026-07-16 15:42:11.318 [AsyncResolver-bootstrap-executor-%d] INFO  c.n.d.s.r.aws.ConfigClusterResolver - Resolving eureka endpoints via configuration
2026-07-16 15:42:48.354 [RMI TCP Connection(203)-127.0.0.1] INFO  o.s.b.a.SpringApplicationAdminMXBeanRegistrar$SpringApplicationAdmin - Application shutdown requested.
2026-07-16 15:42:48.505 [RMI TCP Connection(203)-127.0.0.1] INFO  o.s.c.n.e.s.EurekaServiceRegistry - Unregistering application ANALYTICS-SERVICE with eureka with status DOWN
2026-07-16 15:42:48.511 [RMI TCP Connection(203)-127.0.0.1] INFO  c.netflix.discovery.DiscoveryClient - Saw local status change event StatusChangeEvent [timestamp=1784196768511, current=DOWN, previous=UP]
2026-07-16 15:42:48.514 [DiscoveryClient-InstanceInfoReplicator-%d] INFO  c.netflix.discovery.DiscoveryClient - DiscoveryClient_ANALYTICS-SERVICE/LTIN708779.cts.com:analytics-service:8087: registering service...
2026-07-16 15:42:48.674 [DiscoveryClient-InstanceInfoReplicator-%d] INFO  c.netflix.discovery.DiscoveryClient - DiscoveryClient_ANALYTICS-SERVICE/LTIN708779.cts.com:analytics-service:8087 - registration status: 204
2026-07-16 15:42:49.335 [RMI TCP Connection(203)-127.0.0.1] INFO  o.s.o.j.LocalContainerEntityManagerFactoryBean - Closing JPA EntityManagerFactory for persistence unit 'default'
2026-07-16 15:42:49.588 [RMI TCP Connection(203)-127.0.0.1] INFO  com.zaxxer.hikari.HikariDataSource - HikariPool-1 - Shutdown initiated...
2026-07-16 15:42:49.678 [RMI TCP Connection(203)-127.0.0.1] INFO  com.zaxxer.hikari.HikariDataSource - HikariPool-1 - Shutdown completed.
2026-07-16 15:42:49.688 [RMI TCP Connection(203)-127.0.0.1] INFO  c.netflix.discovery.DiscoveryClient - Shutting down DiscoveryClient ...
2026-07-16 15:42:52.703 [RMI TCP Connection(203)-127.0.0.1] INFO  c.netflix.discovery.DiscoveryClient - Unregistering ...
2026-07-16 15:42:52.922 [RMI TCP Connection(203)-127.0.0.1] INFO  c.netflix.discovery.DiscoveryClient - DiscoveryClient_ANALYTICS-SERVICE/LTIN708779.cts.com:analytics-service:8087 - deregister  status: 200
2026-07-16 15:42:52.926 [RMI TCP Connection(203)-127.0.0.1] INFO  c.netflix.discovery.DiscoveryClient - Completed shut down of DiscoveryClient
